/cm/local/apps/slurm/var/spool/job31046296/slurm_script: line 20: /home/flanary/miniconda3/etc/profile.d/conda.sh: No such file or directory
Path to Cutadapt set as: 'cutadapt' (default)
Cutadapt seems to be working fine (tested command 'cutadapt --version')
Cutadapt version: 2.6
Could not detect version of Python used by Cutadapt from the first line of Cutadapt (but found this: >>>#!/bin/sh<<<)
Letting the (modified) Cutadapt deal with the Python version instead
Parallel gzip (pigz) detected. Proceeding with multicore (de)compression using 8 cores

Proceeding with 'pigz -p 4' for decompression
To decrease CPU usage of decompression, please install 'igzip' and run again

No quality encoding type selected. Assuming that the data provided uses Sanger encoded Phred scores (default)

Output will be written into the directory: /scratch/flanary/Sen_13cRA_ATAC/trimmed_fastq/


AUTO-DETECTING ADAPTER TYPE
===========================
Attempting to auto-detect adapter type from the first 1 million sequences of the first file (>> /data/project/sen-lab/internal/2024_12_17/Sen_ATAC_cRA/IMR5_1_S29_R1_001.fastq.gz <<)

Found perfect matches for the following adapter sequences:
Adapter type	Count	Sequence	Sequences analysed	Percentage
Nextera	350821	CTGTCTCTTATA	1000000	35.08
Illumina	0	AGATCGGAAGAGC	1000000	0.00
smallRNA	0	TGGAATTCTCGG	1000000	0.00
Using Nextera adapter for trimming (count: 350821). Second best hit was Illumina (count: 0)

Writing report to '/scratch/flanary/Sen_13cRA_ATAC/trimmed_fastq/IMR5_1_S29_R1_001.fastq.gz_trimming_report.txt'

SUMMARISING RUN PARAMETERS
==========================
Input filename: /data/project/sen-lab/internal/2024_12_17/Sen_ATAC_cRA/IMR5_1_S29_R1_001.fastq.gz
Trimming mode: paired-end
Trim Galore version: 0.6.10
Cutadapt version: 2.6
Python version: could not detect
Number of cores used for trimming: 8
Quality Phred score cutoff: 20
Quality encoding type selected: ASCII+33
Adapter sequence: 'CTGTCTCTTATA' (Nextera Transposase sequence; auto-detected)
Maximum trimming error rate: 0.1 (default)
Minimum required adapter overlap (stringency): 1 bp
Minimum required sequence length for both reads before a sequence pair gets removed: 20 bp
Output file(s) will be GZIP compressed

Cutadapt seems to be fairly up-to-date (version 2.6). Setting -j 8
Writing final adapter and quality trimmed output to IMR5_1_S29_R1_001_trimmed.fq.gz


  >>> Now performing quality (cutoff '-q 20') and adapter trimming in a single pass for the adapter sequence: 'CTGTCTCTTATA' from file /data/project/sen-lab/internal/2024_12_17/Sen_ATAC_cRA/IMR5_1_S29_R1_001.fastq.gz <<< 
10000000 sequences processed
20000000 sequences processed
30000000 sequences processed
40000000 sequences processed
50000000 sequences processed
60000000 sequences processed
70000000 sequences processed
80000000 sequences processed
90000000 sequences processed
100000000 sequences processed
110000000 sequences processed
120000000 sequences processed
130000000 sequences processed
140000000 sequences processed
150000000 sequences processed
160000000 sequences processed
170000000 sequences processed
180000000 sequences processed
190000000 sequences processed
200000000 sequences processed
This is cutadapt 2.6 with Python 3.7.16
Command line parameters: -j 8 -e 0.1 -q 20 -O 1 -a CTGTCTCTTATA /data/project/sen-lab/internal/2024_12_17/Sen_ATAC_cRA/IMR5_1_S29_R1_001.fastq.gz
Processing reads on 8 cores in single-end mode ...
Finished in 748.22 s (4 us/read; 16.82 M reads/minute).

=== Summary ===

Total reads processed:             209,780,575
Reads with adapters:               125,870,311 (60.0%)
Reads written (passing filters):   209,780,575 (100.0%)

Total basepairs processed: 21,187,838,075 bp
Quality-trimmed:             102,302,392 bp (0.5%)
Total written (filtered):  17,839,079,181 bp (84.2%)

=== Adapter 1 ===

Sequence: CTGTCTCTTATA; Type: regular 3'; Length: 12; Trimmed: 125870311 times.

No. of allowed errors:
0-9 bp: 0; 10-12 bp: 1

Bases preceding removed adapters:
  A: 13.1%
  C: 40.7%
  G: 25.5%
  T: 20.6%
  none/other: 0.0%

Overview of removed sequences
length	count	expect	max.err	error counts
1	28478535	52445143.8	0	28478535
2	9592542	13111285.9	0	9592542
3	3387795	3277821.5	0	3387795
4	1477278	819455.4	0	1477278
5	1016888	204863.8	0	1016888
6	945999	51216.0	0	945999
7	897589	12804.0	0	897589
8	850686	3201.0	0	850686
9	812963	800.2	0	803059 9904
10	833091	200.1	1	811275 21816
11	819135	50.0	1	795259 23876
12	898598	12.5	1	862827 35771
13	879783	12.5	1	848816 30967
14	1005250	12.5	1	966243 39007
15	1016783	12.5	1	979785 36998
16	1144162	12.5	1	1096743 47419
17	1016191	12.5	1	981347 34844
18	1002401	12.5	1	967070 35331
19	978642	12.5	1	944396 34246
20	1007559	12.5	1	971886 35673
21	983706	12.5	1	947261 36445
22	983552	12.5	1	950569 32983
23	1097079	12.5	1	1055200 41879
24	1105088	12.5	1	1068296 36792
25	1172108	12.5	1	1129919 42189
26	1212202	12.5	1	1166744 45458
27	1238694	12.5	1	1193000 45694
28	1253411	12.5	1	1206372 47039
29	1252892	12.5	1	1206183 46709
30	1160066	12.5	1	1121596 38470
31	1192014	12.5	1	1148691 43323
32	1139887	12.5	1	1102588 37299
33	1228615	12.5	1	1181809 46806
34	1348088	12.5	1	1300120 47968
35	1345429	12.5	1	1300605 44824
36	1475954	12.5	1	1421199 54755
37	1505244	12.5	1	1454478 50766
38	1436668	12.5	1	1387272 49396
39	1459813	12.5	1	1407307 52506
40	1497583	12.5	1	1438269 59314
41	1392393	12.5	1	1347730 44663
42	1408899	12.5	1	1360089 48810
43	1522896	12.5	1	1466963 55933
44	1699997	12.5	1	1641963 58034
45	1654013	12.5	1	1583721 70292
46	1832792	12.5	1	1728643 104149
47	3498524	12.5	1	3452618 45906
48	608465	12.5	1	550464 58001
49	1939627	12.5	1	1769979 169648
50	6220895	12.5	1	6146146 74749
51	1619814	12.5	1	1579847 39967
52	757869	12.5	1	673335 84534
53	3093534	12.5	1	3046132 47402
54	1228657	12.5	1	1195569 33088
55	900665	12.5	1	823907 76758
56	2934973	12.5	1	2815557 119416
57	3946812	12.5	1	3904449 42363
58	886221	12.5	1	853284 32937
59	743680	12.5	1	726168 17512
60	450139	12.5	1	401825 48314
61	1660784	12.5	1	1647125 13659
62	156152	12.5	1	144524 11628
63	281732	12.5	1	242149 39583
64	1305524	12.5	1	1291978 13546
65	196867	12.5	1	190103 6764
66	69374	12.5	1	60725 8649
67	156100	12.5	1	149047 7053
68	162639	12.5	1	157882 4757
69	14772	12.5	1	11265 3507
70	58348	12.5	1	55025 3323
71	83400	12.5	1	79211 4189
72	121380	12.5	1	119258 2122
73	8203	12.5	1	3939 4264
74	10443	12.5	1	8054 2389
75	25438	12.5	1	15893 9545
76	5599	12.5	1	2409 3190
77	2367	12.5	1	1300 1067
78	6207	12.5	1	2194 4013
79	2067	12.5	1	736 1331
80	4994	12.5	1	2610 2384
81	2181	12.5	1	588 1593
82	3099	12.5	1	2096 1003
83	3563	12.5	1	344 3219
84	1538	12.5	1	648 890
85	6156	12.5	1	209 5947
86	1786	12.5	1	200 1586
87	1321	12.5	1	161 1160
88	3573	12.5	1	109 3464
89	1402	12.5	1	83 1319
90	919	12.5	1	80 839
91	2997	12.5	1	158 2839
92	2124	12.5	1	750 1374
93	5166	12.5	1	217 4949
94	511	12.5	1	24 487
95	804	12.5	1	24 780
96	397	12.5	1	13 384
97	859	12.5	1	26 833
98	3876	12.5	1	86 3790
99	781	12.5	1	27 754
100	1112	12.5	1	25 1087
101	2928	12.5	1	2324 604

RUN STATISTICS FOR INPUT FILE: /data/project/sen-lab/internal/2024_12_17/Sen_ATAC_cRA/IMR5_1_S29_R1_001.fastq.gz
=============================================
209780575 sequences processed in total
The length threshold of paired-end sequences gets evaluated later on (in the validation step)

Writing report to '/scratch/flanary/Sen_13cRA_ATAC/trimmed_fastq/IMR5_1_S29_R2_001.fastq.gz_trimming_report.txt'

SUMMARISING RUN PARAMETERS
==========================
Input filename: /data/project/sen-lab/internal/2024_12_17/Sen_ATAC_cRA/IMR5_1_S29_R2_001.fastq.gz
Trimming mode: paired-end
Trim Galore version: 0.6.10
Cutadapt version: 2.6
Python version: could not detect
Number of cores used for trimming: 8
Quality Phred score cutoff: 20
Quality encoding type selected: ASCII+33
Adapter sequence: 'CTGTCTCTTATA' (Nextera Transposase sequence; auto-detected)
Maximum trimming error rate: 0.1 (default)
Minimum required adapter overlap (stringency): 1 bp
Minimum required sequence length for both reads before a sequence pair gets removed: 20 bp
Output file(s) will be GZIP compressed

Cutadapt seems to be fairly up-to-date (version 2.6). Setting -j -j 8
Writing final adapter and quality trimmed output to IMR5_1_S29_R2_001_trimmed.fq.gz


  >>> Now performing quality (cutoff '-q 20') and adapter trimming in a single pass for the adapter sequence: 'CTGTCTCTTATA' from file /data/project/sen-lab/internal/2024_12_17/Sen_ATAC_cRA/IMR5_1_S29_R2_001.fastq.gz <<< 
10000000 sequences processed
20000000 sequences processed
30000000 sequences processed
40000000 sequences processed
50000000 sequences processed
60000000 sequences processed
70000000 sequences processed
80000000 sequences processed
90000000 sequences processed
100000000 sequences processed
110000000 sequences processed
120000000 sequences processed
130000000 sequences processed
140000000 sequences processed
150000000 sequences processed
160000000 sequences processed
170000000 sequences processed
180000000 sequences processed
190000000 sequences processed
200000000 sequences processed
This is cutadapt 2.6 with Python 3.7.16
Command line parameters: -j 8 -e 0.1 -q 20 -O 1 -a CTGTCTCTTATA /data/project/sen-lab/internal/2024_12_17/Sen_ATAC_cRA/IMR5_1_S29_R2_001.fastq.gz
Processing reads on 8 cores in single-end mode ...
Finished in 754.88 s (4 us/read; 16.67 M reads/minute).

=== Summary ===

Total reads processed:             209,780,575
Reads with adapters:               125,797,425 (60.0%)
Reads written (passing filters):   209,780,575 (100.0%)

Total basepairs processed: 21,187,838,075 bp
Quality-trimmed:              35,999,244 bp (0.2%)
Total written (filtered):  17,827,257,513 bp (84.1%)

=== Adapter 1 ===

Sequence: CTGTCTCTTATA; Type: regular 3'; Length: 12; Trimmed: 125797425 times.

No. of allowed errors:
0-9 bp: 0; 10-12 bp: 1

Bases preceding removed adapters:
  A: 13.0%
  C: 40.9%
  G: 25.5%
  T: 20.6%
  none/other: 0.0%

Overview of removed sequences
length	count	expect	max.err	error counts
1	28412327	52445143.8	0	28412327
2	9531143	13111285.9	0	9531143
3	3424416	3277821.5	0	3424416
4	1477432	819455.4	0	1477432
5	1018029	204863.8	0	1018029
6	951575	51216.0	0	951575
7	898343	12804.0	0	898343
8	848714	3201.0	0	848714
9	825772	800.2	0	817430 8342
10	829341	200.1	1	813946 15395
11	824568	50.0	1	814043 10525
12	894293	12.5	1	879427 14866
13	884570	12.5	1	875093 9477
14	998677	12.5	1	983460 15217
15	1020958	12.5	1	1009559 11399
16	1090362	12.5	1	1069383 20979
17	1047112	12.5	1	1035669 11443
18	1005726	12.5	1	995412 10314
19	1000430	12.5	1	988474 11956
20	981163	12.5	1	971035 10128
21	983172	12.5	1	968936 14236
22	1026120	12.5	1	1013964 12156
23	1052453	12.5	1	1040785 11668
24	1128040	12.5	1	1114512 13528
25	1180781	12.5	1	1168586 12195
26	1199215	12.5	1	1184799 14416
27	1254417	12.5	1	1240639 13778
28	1250095	12.5	1	1233624 16471
29	1211086	12.5	1	1198788 12298
30	1194208	12.5	1	1182224 11984
31	1154736	12.5	1	1139811 14925
32	1186315	12.5	1	1175070 11245
33	1292106	12.5	1	1277547 14559
34	1253740	12.5	1	1238410 15330
35	1387964	12.5	1	1375345 12619
36	1424219	12.5	1	1410421 13798
37	1522328	12.5	1	1505730 16598
38	1489226	12.5	1	1470757 18469
39	1445760	12.5	1	1433316 12444
40	1461372	12.5	1	1447225 14147
41	1357109	12.5	1	1341056 16053
42	1427341	12.5	1	1414179 13162
43	1451721	12.5	1	1438048 13673
44	1528780	12.5	1	1513580 15200
45	1621971	12.5	1	1607314 14657
46	1690677	12.5	1	1675827 14850
47	1773707	12.5	1	1755948 17759
48	1847204	12.5	1	1828150 19054
49	1688077	12.5	1	1674672 13405
50	1747632	12.5	1	1731191 16441
51	1740723	12.5	1	1724009 16714
52	1695687	12.5	1	1681449 14238
53	1718497	12.5	1	1704482 14015
54	1779861	12.5	1	1764420 15441
55	1895217	12.5	1	1879427 15790
56	2038906	12.5	1	2021641 17265
57	1934998	12.5	1	1919805 15193
58	1918634	12.5	1	1901463 17171
59	2019043	12.5	1	2002534 16509
60	1543607	12.5	1	1530415 13192
61	1640717	12.5	1	1628122 12595
62	1562586	12.5	1	1549546 13040
63	1399377	12.5	1	1388364 11013
64	1116834	12.5	1	1106677 10157
65	1024474	12.5	1	1016249 8225
66	414628	12.5	1	410193 4435
67	233142	12.5	1	230583 2559
68	137697	12.5	1	133117 4580
69	104475	12.5	1	101875 2600
70	80628	12.5	1	78442 2186
71	88772	12.5	1	86926 1846
72	131995	12.5	1	129997 1998
73	152242	12.5	1	147553 4689
74	113944	12.5	1	111757 2187
75	47111	12.5	1	38048 9063
76	7345	12.5	1	3936 3409
77	3102	12.5	1	2001 1101
78	4263	12.5	1	440 3823
79	1787	12.5	1	576 1211
80	4810	12.5	1	2366 2444
81	1969	12.5	1	566 1403
82	2980	12.5	1	2018 962
83	3499	12.5	1	387 3112
84	1533	12.5	1	637 896
85	6136	12.5	1	224 5912
86	1719	12.5	1	213 1506
87	1368	12.5	1	192 1176
88	3538	12.5	1	143 3395
89	1329	12.5	1	90 1239
90	992	12.5	1	75 917
91	2820	12.5	1	182 2638
92	2040	12.5	1	767 1273
93	5172	12.5	1	245 4927
94	492	12.5	1	26 466
95	745	12.5	1	25 720
96	371	12.5	1	13 358
97	839	12.5	1	27 812
98	3491	12.5	1	104 3387
99	810	12.5	1	50 760
100	1032	12.5	1	30 1002
101	2925	12.5	1	2600 325

RUN STATISTICS FOR INPUT FILE: /data/project/sen-lab/internal/2024_12_17/Sen_ATAC_cRA/IMR5_1_S29_R2_001.fastq.gz
=============================================
209780575 sequences processed in total
The length threshold of paired-end sequences gets evaluated later on (in the validation step)

Validate paired-end files IMR5_1_S29_R1_001_trimmed.fq.gz and IMR5_1_S29_R2_001_trimmed.fq.gz
file_1: IMR5_1_S29_R1_001_trimmed.fq.gz, file_2: IMR5_1_S29_R2_001_trimmed.fq.gz


>>>>> Now validing the length of the 2 paired-end infiles: IMR5_1_S29_R1_001_trimmed.fq.gz and IMR5_1_S29_R2_001_trimmed.fq.gz <<<<<
Writing validated paired-end Read 1 reads to IMR5_1_S29_R1_001_val_1.fq.gz
Writing validated paired-end Read 2 reads to IMR5_1_S29_R2_001_val_2.fq.gz

