/cm/local/apps/slurm/var/spool/job31053496/slurm_script: line 20: /home/flanary/miniconda3/etc/profile.d/conda.sh: No such file or directory
bamFilesList: ['/data/scratch/flanary/Sen_13cRA_ATAC/bam/SHEP1_S31_final.bam']
binLength: 200
numberOfSamples: None
blackListFileName: None
skipZeroOverZero: False
bed_and_bin: False
genomeChunkSize: None
defaultFragmentLength: read length
numberOfProcessors: 1
verbose: False
region: None
bedFile: None
minMappingQuality: None
ignoreDuplicates: False
chrsToSkip: []
stepSize: 200
center_read: False
samFlag_include: None
samFlag_exclude: None
minFragmentLength: 0
maxFragmentLength: 0
zerosToNans: False
smoothLength: None
save_data: False
out_file_for_raw_data: None
maxPairedFragmentLength: 1000
INFO  @ Tue, 07 Jan 2025 16:57:59: 
# Command line: callpeak --treatment /data/scratch/flanary/Sen_13cRA_ATAC/bam/SHEP1_S31_final.bam --name SHEP1_S31 --outdir /data/scratch/flanary/Sen_13cRA_ATAC/peaks --gsize hs --nomodel --shift -75 --extsize 150 --keep-dup all --call-summits --pvalue 0.01
# ARGUMENTS LIST:
# name = SHEP1_S31
# format = AUTO
# ChIP-seq file = ['/data/scratch/flanary/Sen_13cRA_ATAC/bam/SHEP1_S31_final.bam']
# control file = None
# effective genome size = 2.70e+09
# band width = 300
# model fold = [5, 50]
# pvalue cutoff = 1.00e-02
# qvalue will not be calculated and reported as -1 in the final output.
# The maximum gap between significant sites is assigned as the read length/tag size.
# The minimum length of peaks is assigned as the predicted fragment length "d".
# Larger dataset will be scaled towards smaller dataset.
# Range for calculating regional lambda is: 10000 bps
# Broad region calling is off
# Paired-End mode is off
# Searching for subpeak summits is on
 
INFO  @ Tue, 07 Jan 2025 16:57:59: #1 read tag files... 
INFO  @ Tue, 07 Jan 2025 16:57:59: #1 read treatment tags... 
INFO  @ Tue, 07 Jan 2025 16:57:59: Detected format is: BAM 
INFO  @ Tue, 07 Jan 2025 16:57:59: * Input file is gzipped. 
INFO  @ Tue, 07 Jan 2025 16:58:02:  1000000 
INFO  @ Tue, 07 Jan 2025 16:58:05:  2000000 
INFO  @ Tue, 07 Jan 2025 16:58:08:  3000000 
INFO  @ Tue, 07 Jan 2025 16:58:11:  4000000 
INFO  @ Tue, 07 Jan 2025 16:58:14:  5000000 
INFO  @ Tue, 07 Jan 2025 16:58:17:  6000000 
INFO  @ Tue, 07 Jan 2025 16:58:20:  7000000 
INFO  @ Tue, 07 Jan 2025 16:58:22:  8000000 
INFO  @ Tue, 07 Jan 2025 16:58:25:  9000000 
INFO  @ Tue, 07 Jan 2025 16:58:28:  10000000 
INFO  @ Tue, 07 Jan 2025 16:58:31:  11000000 
INFO  @ Tue, 07 Jan 2025 16:58:34:  12000000 
INFO  @ Tue, 07 Jan 2025 16:58:37:  13000000 
INFO  @ Tue, 07 Jan 2025 16:58:40:  14000000 
INFO  @ Tue, 07 Jan 2025 16:58:43:  15000000 
INFO  @ Tue, 07 Jan 2025 16:58:46:  16000000 
INFO  @ Tue, 07 Jan 2025 16:58:48:  17000000 
INFO  @ Tue, 07 Jan 2025 16:58:51:  18000000 
INFO  @ Tue, 07 Jan 2025 16:58:54:  19000000 
INFO  @ Tue, 07 Jan 2025 16:58:57:  20000000 
INFO  @ Tue, 07 Jan 2025 16:59:00:  21000000 
INFO  @ Tue, 07 Jan 2025 16:59:03:  22000000 
INFO  @ Tue, 07 Jan 2025 16:59:06:  23000000 
INFO  @ Tue, 07 Jan 2025 16:59:09:  24000000 
INFO  @ Tue, 07 Jan 2025 16:59:12:  25000000 
INFO  @ Tue, 07 Jan 2025 16:59:15:  26000000 
INFO  @ Tue, 07 Jan 2025 16:59:18:  27000000 
INFO  @ Tue, 07 Jan 2025 16:59:20:  28000000 
INFO  @ Tue, 07 Jan 2025 16:59:23:  29000000 
INFO  @ Tue, 07 Jan 2025 16:59:26:  30000000 
INFO  @ Tue, 07 Jan 2025 16:59:29:  31000000 
INFO  @ Tue, 07 Jan 2025 16:59:32:  32000000 
INFO  @ Tue, 07 Jan 2025 16:59:35:  33000000 
INFO  @ Tue, 07 Jan 2025 16:59:38:  34000000 
INFO  @ Tue, 07 Jan 2025 16:59:41:  35000000 
INFO  @ Tue, 07 Jan 2025 16:59:44:  36000000 
INFO  @ Tue, 07 Jan 2025 16:59:47:  37000000 
INFO  @ Tue, 07 Jan 2025 16:59:50:  38000000 
INFO  @ Tue, 07 Jan 2025 16:59:53:  39000000 
INFO  @ Tue, 07 Jan 2025 16:59:56:  40000000 
INFO  @ Tue, 07 Jan 2025 16:59:59:  41000000 
INFO  @ Tue, 07 Jan 2025 17:00:02:  42000000 
INFO  @ Tue, 07 Jan 2025 17:00:05:  43000000 
INFO  @ Tue, 07 Jan 2025 17:00:08:  44000000 
INFO  @ Tue, 07 Jan 2025 17:00:11:  45000000 
INFO  @ Tue, 07 Jan 2025 17:00:14:  46000000 
INFO  @ Tue, 07 Jan 2025 17:00:16:  47000000 
INFO  @ Tue, 07 Jan 2025 17:00:19:  48000000 
INFO  @ Tue, 07 Jan 2025 17:00:22:  49000000 
INFO  @ Tue, 07 Jan 2025 17:00:25:  50000000 
INFO  @ Tue, 07 Jan 2025 17:00:28:  51000000 
INFO  @ Tue, 07 Jan 2025 17:00:31:  52000000 
INFO  @ Tue, 07 Jan 2025 17:00:34:  53000000 
INFO  @ Tue, 07 Jan 2025 17:00:37:  54000000 
INFO  @ Tue, 07 Jan 2025 17:00:40:  55000000 
INFO  @ Tue, 07 Jan 2025 17:00:43:  56000000 
INFO  @ Tue, 07 Jan 2025 17:00:46:  57000000 
INFO  @ Tue, 07 Jan 2025 17:00:49:  58000000 
INFO  @ Tue, 07 Jan 2025 17:00:52:  59000000 
INFO  @ Tue, 07 Jan 2025 17:00:55:  60000000 
INFO  @ Tue, 07 Jan 2025 17:00:58:  61000000 
INFO  @ Tue, 07 Jan 2025 17:01:00:  62000000 
INFO  @ Tue, 07 Jan 2025 17:01:03:  63000000 
INFO  @ Tue, 07 Jan 2025 17:01:06:  64000000 
INFO  @ Tue, 07 Jan 2025 17:01:09:  65000000 
INFO  @ Tue, 07 Jan 2025 17:01:12:  66000000 
INFO  @ Tue, 07 Jan 2025 17:01:15:  67000000 
INFO  @ Tue, 07 Jan 2025 17:01:18:  68000000 
INFO  @ Tue, 07 Jan 2025 17:01:21:  69000000 
INFO  @ Tue, 07 Jan 2025 17:01:24:  70000000 
INFO  @ Tue, 07 Jan 2025 17:01:27: 70672694 reads have been read. 
INFO  @ Tue, 07 Jan 2025 17:01:28: #1 tag size is determined as 100 bps 
INFO  @ Tue, 07 Jan 2025 17:01:28: #1 tag size = 100.0 
INFO  @ Tue, 07 Jan 2025 17:01:28: #1  total tags in treatment: 70672694 
INFO  @ Tue, 07 Jan 2025 17:01:28: #1 finished! 
INFO  @ Tue, 07 Jan 2025 17:01:28: #2 Build Peak Model... 
INFO  @ Tue, 07 Jan 2025 17:01:28: #2 Skipped... 
INFO  @ Tue, 07 Jan 2025 17:01:28: #2 Use 150 as fragment length 
INFO  @ Tue, 07 Jan 2025 17:01:28: #2 Sequencing ends will be shifted towards 5' by 75 bp(s) 
INFO  @ Tue, 07 Jan 2025 17:01:28: #3 Call peaks... 
INFO  @ Tue, 07 Jan 2025 17:01:28: #3 Going to call summits inside each peak ... 
INFO  @ Tue, 07 Jan 2025 17:01:28: #3 Call peaks with given -log10pvalue cutoff: 2.00000 ... 
INFO  @ Tue, 07 Jan 2025 17:01:28: #3 Pre-compute pvalue-qvalue table... 
INFO  @ Tue, 07 Jan 2025 17:04:05: #3 Call peaks for each chromosome... 
INFO  @ Tue, 07 Jan 2025 17:07:08: #4 Write output xls file... /data/scratch/flanary/Sen_13cRA_ATAC/peaks/SHEP1_S31_peaks.xls 
INFO  @ Tue, 07 Jan 2025 17:07:10: #4 Write peak in narrowPeak format file... /data/scratch/flanary/Sen_13cRA_ATAC/peaks/SHEP1_S31_peaks.narrowPeak 
INFO  @ Tue, 07 Jan 2025 17:07:11: #4 Write summits bed file... /data/scratch/flanary/Sen_13cRA_ATAC/peaks/SHEP1_S31_summits.bed 
INFO  @ Tue, 07 Jan 2025 17:07:11: Done! 
