/cm/local/apps/slurm/var/spool/job31053499/slurm_script: line 20: /home/flanary/miniconda3/etc/profile.d/conda.sh: No such file or directory
bamFilesList: ['/data/scratch/flanary/Sen_13cRA_ATAC/bam/SKNAS2_S34_final.bam']
binLength: 200
numberOfSamples: None
blackListFileName: None
skipZeroOverZero: False
bed_and_bin: False
genomeChunkSize: None
defaultFragmentLength: read length
numberOfProcessors: 1
verbose: False
region: None
bedFile: None
minMappingQuality: None
ignoreDuplicates: False
chrsToSkip: []
stepSize: 200
center_read: False
samFlag_include: None
samFlag_exclude: None
minFragmentLength: 0
maxFragmentLength: 0
zerosToNans: False
smoothLength: None
save_data: False
out_file_for_raw_data: None
maxPairedFragmentLength: 1000
INFO  @ Tue, 07 Jan 2025 17:00:22: 
# Command line: callpeak --treatment /data/scratch/flanary/Sen_13cRA_ATAC/bam/SKNAS2_S34_final.bam --name SKNAS2_S34 --outdir /data/scratch/flanary/Sen_13cRA_ATAC/peaks --gsize hs --nomodel --shift -75 --extsize 150 --keep-dup all --call-summits --pvalue 0.01
# ARGUMENTS LIST:
# name = SKNAS2_S34
# format = AUTO
# ChIP-seq file = ['/data/scratch/flanary/Sen_13cRA_ATAC/bam/SKNAS2_S34_final.bam']
# control file = None
# effective genome size = 2.70e+09
# band width = 300
# model fold = [5, 50]
# pvalue cutoff = 1.00e-02
# qvalue will not be calculated and reported as -1 in the final output.
# The maximum gap between significant sites is assigned as the read length/tag size.
# The minimum length of peaks is assigned as the predicted fragment length "d".
# Larger dataset will be scaled towards smaller dataset.
# Range for calculating regional lambda is: 10000 bps
# Broad region calling is off
# Paired-End mode is off
# Searching for subpeak summits is on
 
INFO  @ Tue, 07 Jan 2025 17:00:22: #1 read tag files... 
INFO  @ Tue, 07 Jan 2025 17:00:22: #1 read treatment tags... 
INFO  @ Tue, 07 Jan 2025 17:00:22: Detected format is: BAM 
INFO  @ Tue, 07 Jan 2025 17:00:22: * Input file is gzipped. 
INFO  @ Tue, 07 Jan 2025 17:00:25:  1000000 
INFO  @ Tue, 07 Jan 2025 17:00:28:  2000000 
INFO  @ Tue, 07 Jan 2025 17:00:31:  3000000 
INFO  @ Tue, 07 Jan 2025 17:00:34:  4000000 
INFO  @ Tue, 07 Jan 2025 17:00:37:  5000000 
INFO  @ Tue, 07 Jan 2025 17:00:40:  6000000 
INFO  @ Tue, 07 Jan 2025 17:00:43:  7000000 
INFO  @ Tue, 07 Jan 2025 17:00:46:  8000000 
INFO  @ Tue, 07 Jan 2025 17:00:49:  9000000 
INFO  @ Tue, 07 Jan 2025 17:00:52:  10000000 
INFO  @ Tue, 07 Jan 2025 17:00:55:  11000000 
INFO  @ Tue, 07 Jan 2025 17:00:58:  12000000 
INFO  @ Tue, 07 Jan 2025 17:01:01:  13000000 
INFO  @ Tue, 07 Jan 2025 17:01:04:  14000000 
INFO  @ Tue, 07 Jan 2025 17:01:06:  15000000 
INFO  @ Tue, 07 Jan 2025 17:01:09:  16000000 
INFO  @ Tue, 07 Jan 2025 17:01:12:  17000000 
INFO  @ Tue, 07 Jan 2025 17:01:15:  18000000 
INFO  @ Tue, 07 Jan 2025 17:01:18:  19000000 
INFO  @ Tue, 07 Jan 2025 17:01:21:  20000000 
INFO  @ Tue, 07 Jan 2025 17:01:24:  21000000 
INFO  @ Tue, 07 Jan 2025 17:01:27:  22000000 
INFO  @ Tue, 07 Jan 2025 17:01:30:  23000000 
INFO  @ Tue, 07 Jan 2025 17:01:33:  24000000 
INFO  @ Tue, 07 Jan 2025 17:01:36:  25000000 
INFO  @ Tue, 07 Jan 2025 17:01:39:  26000000 
INFO  @ Tue, 07 Jan 2025 17:01:42:  27000000 
INFO  @ Tue, 07 Jan 2025 17:01:44:  28000000 
INFO  @ Tue, 07 Jan 2025 17:01:47:  29000000 
INFO  @ Tue, 07 Jan 2025 17:01:50:  30000000 
INFO  @ Tue, 07 Jan 2025 17:01:53:  31000000 
INFO  @ Tue, 07 Jan 2025 17:01:56:  32000000 
INFO  @ Tue, 07 Jan 2025 17:01:59:  33000000 
INFO  @ Tue, 07 Jan 2025 17:02:02:  34000000 
INFO  @ Tue, 07 Jan 2025 17:02:05:  35000000 
INFO  @ Tue, 07 Jan 2025 17:02:08:  36000000 
INFO  @ Tue, 07 Jan 2025 17:02:11:  37000000 
INFO  @ Tue, 07 Jan 2025 17:02:14:  38000000 
INFO  @ Tue, 07 Jan 2025 17:02:17:  39000000 
INFO  @ Tue, 07 Jan 2025 17:02:20:  40000000 
INFO  @ Tue, 07 Jan 2025 17:02:23:  41000000 
INFO  @ Tue, 07 Jan 2025 17:02:25:  42000000 
INFO  @ Tue, 07 Jan 2025 17:02:28:  43000000 
INFO  @ Tue, 07 Jan 2025 17:02:31:  44000000 
INFO  @ Tue, 07 Jan 2025 17:02:34:  45000000 
INFO  @ Tue, 07 Jan 2025 17:02:37:  46000000 
INFO  @ Tue, 07 Jan 2025 17:02:40:  47000000 
INFO  @ Tue, 07 Jan 2025 17:02:43:  48000000 
INFO  @ Tue, 07 Jan 2025 17:02:46:  49000000 
INFO  @ Tue, 07 Jan 2025 17:02:49:  50000000 
INFO  @ Tue, 07 Jan 2025 17:02:52:  51000000 
INFO  @ Tue, 07 Jan 2025 17:02:55:  52000000 
INFO  @ Tue, 07 Jan 2025 17:02:58:  53000000 
INFO  @ Tue, 07 Jan 2025 17:03:00:  54000000 
INFO  @ Tue, 07 Jan 2025 17:03:03:  55000000 
INFO  @ Tue, 07 Jan 2025 17:03:06:  56000000 
INFO  @ Tue, 07 Jan 2025 17:03:09:  57000000 
INFO  @ Tue, 07 Jan 2025 17:03:12:  58000000 
INFO  @ Tue, 07 Jan 2025 17:03:15:  59000000 
INFO  @ Tue, 07 Jan 2025 17:03:18:  60000000 
INFO  @ Tue, 07 Jan 2025 17:03:21:  61000000 
INFO  @ Tue, 07 Jan 2025 17:03:24:  62000000 
INFO  @ Tue, 07 Jan 2025 17:03:26:  63000000 
INFO  @ Tue, 07 Jan 2025 17:03:29:  64000000 
INFO  @ Tue, 07 Jan 2025 17:03:32:  65000000 
INFO  @ Tue, 07 Jan 2025 17:03:35:  66000000 
INFO  @ Tue, 07 Jan 2025 17:03:38:  67000000 
INFO  @ Tue, 07 Jan 2025 17:03:41:  68000000 
INFO  @ Tue, 07 Jan 2025 17:03:44:  69000000 
INFO  @ Tue, 07 Jan 2025 17:03:47:  70000000 
INFO  @ Tue, 07 Jan 2025 17:03:50:  71000000 
INFO  @ Tue, 07 Jan 2025 17:03:53:  72000000 
INFO  @ Tue, 07 Jan 2025 17:03:56:  73000000 
INFO  @ Tue, 07 Jan 2025 17:03:59:  74000000 
INFO  @ Tue, 07 Jan 2025 17:04:02:  75000000 
INFO  @ Tue, 07 Jan 2025 17:04:05:  76000000 
INFO  @ Tue, 07 Jan 2025 17:04:08:  77000000 
INFO  @ Tue, 07 Jan 2025 17:04:09: 77121712 reads have been read. 
INFO  @ Tue, 07 Jan 2025 17:04:10: #1 tag size is determined as 97 bps 
INFO  @ Tue, 07 Jan 2025 17:04:10: #1 tag size = 97.0 
INFO  @ Tue, 07 Jan 2025 17:04:10: #1  total tags in treatment: 77121712 
INFO  @ Tue, 07 Jan 2025 17:04:10: #1 finished! 
INFO  @ Tue, 07 Jan 2025 17:04:10: #2 Build Peak Model... 
INFO  @ Tue, 07 Jan 2025 17:04:10: #2 Skipped... 
INFO  @ Tue, 07 Jan 2025 17:04:10: #2 Use 150 as fragment length 
INFO  @ Tue, 07 Jan 2025 17:04:10: #2 Sequencing ends will be shifted towards 5' by 75 bp(s) 
INFO  @ Tue, 07 Jan 2025 17:04:10: #3 Call peaks... 
INFO  @ Tue, 07 Jan 2025 17:04:10: #3 Going to call summits inside each peak ... 
INFO  @ Tue, 07 Jan 2025 17:04:10: #3 Call peaks with given -log10pvalue cutoff: 2.00000 ... 
INFO  @ Tue, 07 Jan 2025 17:04:11: #3 Pre-compute pvalue-qvalue table... 
INFO  @ Tue, 07 Jan 2025 17:06:58: #3 Call peaks for each chromosome... 
INFO  @ Tue, 07 Jan 2025 17:09:42: #4 Write output xls file... /data/scratch/flanary/Sen_13cRA_ATAC/peaks/SKNAS2_S34_peaks.xls 
INFO  @ Tue, 07 Jan 2025 17:09:43: #4 Write peak in narrowPeak format file... /data/scratch/flanary/Sen_13cRA_ATAC/peaks/SKNAS2_S34_peaks.narrowPeak 
INFO  @ Tue, 07 Jan 2025 17:09:44: #4 Write summits bed file... /data/scratch/flanary/Sen_13cRA_ATAC/peaks/SKNAS2_S34_summits.bed 
INFO  @ Tue, 07 Jan 2025 17:09:44: Done! 
