/cm/local/apps/slurm/var/spool/job31053493/slurm_script: line 20: /home/flanary/miniconda3/etc/profile.d/conda.sh: No such file or directory
bamFilesList: ['/data/scratch/flanary/Sen_13cRA_ATAC/bam/SY5Y_2_S36_final.bam']
binLength: 200
numberOfSamples: None
blackListFileName: None
skipZeroOverZero: False
bed_and_bin: False
genomeChunkSize: None
defaultFragmentLength: read length
numberOfProcessors: 1
verbose: False
region: None
bedFile: None
minMappingQuality: None
ignoreDuplicates: False
chrsToSkip: []
stepSize: 200
center_read: False
samFlag_include: None
samFlag_exclude: None
minFragmentLength: 0
maxFragmentLength: 0
zerosToNans: False
smoothLength: None
save_data: False
out_file_for_raw_data: None
maxPairedFragmentLength: 1000
INFO  @ Tue, 07 Jan 2025 17:02:35: 
# Command line: callpeak --treatment /data/scratch/flanary/Sen_13cRA_ATAC/bam/SY5Y_2_S36_final.bam --name SY5Y_2_S36 --outdir /data/scratch/flanary/Sen_13cRA_ATAC/peaks --gsize hs --nomodel --shift -75 --extsize 150 --keep-dup all --call-summits --pvalue 0.01
# ARGUMENTS LIST:
# name = SY5Y_2_S36
# format = AUTO
# ChIP-seq file = ['/data/scratch/flanary/Sen_13cRA_ATAC/bam/SY5Y_2_S36_final.bam']
# control file = None
# effective genome size = 2.70e+09
# band width = 300
# model fold = [5, 50]
# pvalue cutoff = 1.00e-02
# qvalue will not be calculated and reported as -1 in the final output.
# The maximum gap between significant sites is assigned as the read length/tag size.
# The minimum length of peaks is assigned as the predicted fragment length "d".
# Larger dataset will be scaled towards smaller dataset.
# Range for calculating regional lambda is: 10000 bps
# Broad region calling is off
# Paired-End mode is off
# Searching for subpeak summits is on
 
INFO  @ Tue, 07 Jan 2025 17:02:35: #1 read tag files... 
INFO  @ Tue, 07 Jan 2025 17:02:35: #1 read treatment tags... 
INFO  @ Tue, 07 Jan 2025 17:02:35: Detected format is: BAM 
INFO  @ Tue, 07 Jan 2025 17:02:35: * Input file is gzipped. 
INFO  @ Tue, 07 Jan 2025 17:02:38:  1000000 
INFO  @ Tue, 07 Jan 2025 17:02:41:  2000000 
INFO  @ Tue, 07 Jan 2025 17:02:44:  3000000 
INFO  @ Tue, 07 Jan 2025 17:02:47:  4000000 
INFO  @ Tue, 07 Jan 2025 17:02:50:  5000000 
INFO  @ Tue, 07 Jan 2025 17:02:53:  6000000 
INFO  @ Tue, 07 Jan 2025 17:02:56:  7000000 
INFO  @ Tue, 07 Jan 2025 17:03:00:  8000000 
INFO  @ Tue, 07 Jan 2025 17:03:03:  9000000 
INFO  @ Tue, 07 Jan 2025 17:03:06:  10000000 
INFO  @ Tue, 07 Jan 2025 17:03:09:  11000000 
INFO  @ Tue, 07 Jan 2025 17:03:12:  12000000 
INFO  @ Tue, 07 Jan 2025 17:03:15:  13000000 
INFO  @ Tue, 07 Jan 2025 17:03:18:  14000000 
INFO  @ Tue, 07 Jan 2025 17:03:21:  15000000 
INFO  @ Tue, 07 Jan 2025 17:03:24:  16000000 
INFO  @ Tue, 07 Jan 2025 17:03:27:  17000000 
INFO  @ Tue, 07 Jan 2025 17:03:30:  18000000 
INFO  @ Tue, 07 Jan 2025 17:03:33:  19000000 
INFO  @ Tue, 07 Jan 2025 17:03:37:  20000000 
INFO  @ Tue, 07 Jan 2025 17:03:40:  21000000 
INFO  @ Tue, 07 Jan 2025 17:03:43:  22000000 
INFO  @ Tue, 07 Jan 2025 17:03:46:  23000000 
INFO  @ Tue, 07 Jan 2025 17:03:49:  24000000 
INFO  @ Tue, 07 Jan 2025 17:03:52:  25000000 
INFO  @ Tue, 07 Jan 2025 17:03:55:  26000000 
INFO  @ Tue, 07 Jan 2025 17:03:58:  27000000 
INFO  @ Tue, 07 Jan 2025 17:04:01:  28000000 
INFO  @ Tue, 07 Jan 2025 17:04:04:  29000000 
INFO  @ Tue, 07 Jan 2025 17:04:08:  30000000 
INFO  @ Tue, 07 Jan 2025 17:04:11:  31000000 
INFO  @ Tue, 07 Jan 2025 17:04:14:  32000000 
INFO  @ Tue, 07 Jan 2025 17:04:17:  33000000 
INFO  @ Tue, 07 Jan 2025 17:04:20:  34000000 
INFO  @ Tue, 07 Jan 2025 17:04:23:  35000000 
INFO  @ Tue, 07 Jan 2025 17:04:26:  36000000 
INFO  @ Tue, 07 Jan 2025 17:04:29:  37000000 
INFO  @ Tue, 07 Jan 2025 17:04:32:  38000000 
INFO  @ Tue, 07 Jan 2025 17:04:35:  39000000 
INFO  @ Tue, 07 Jan 2025 17:04:39:  40000000 
INFO  @ Tue, 07 Jan 2025 17:04:42:  41000000 
INFO  @ Tue, 07 Jan 2025 17:04:45:  42000000 
INFO  @ Tue, 07 Jan 2025 17:04:48:  43000000 
INFO  @ Tue, 07 Jan 2025 17:04:51:  44000000 
INFO  @ Tue, 07 Jan 2025 17:04:54:  45000000 
INFO  @ Tue, 07 Jan 2025 17:04:57:  46000000 
INFO  @ Tue, 07 Jan 2025 17:05:00:  47000000 
INFO  @ Tue, 07 Jan 2025 17:05:03:  48000000 
INFO  @ Tue, 07 Jan 2025 17:05:07:  49000000 
INFO  @ Tue, 07 Jan 2025 17:05:10:  50000000 
INFO  @ Tue, 07 Jan 2025 17:05:13:  51000000 
INFO  @ Tue, 07 Jan 2025 17:05:16:  52000000 
INFO  @ Tue, 07 Jan 2025 17:05:19:  53000000 
INFO  @ Tue, 07 Jan 2025 17:05:22:  54000000 
INFO  @ Tue, 07 Jan 2025 17:05:25:  55000000 
INFO  @ Tue, 07 Jan 2025 17:05:28:  56000000 
INFO  @ Tue, 07 Jan 2025 17:05:32:  57000000 
INFO  @ Tue, 07 Jan 2025 17:05:35:  58000000 
INFO  @ Tue, 07 Jan 2025 17:05:38:  59000000 
INFO  @ Tue, 07 Jan 2025 17:05:41:  60000000 
INFO  @ Tue, 07 Jan 2025 17:05:44:  61000000 
INFO  @ Tue, 07 Jan 2025 17:05:47:  62000000 
INFO  @ Tue, 07 Jan 2025 17:05:50:  63000000 
INFO  @ Tue, 07 Jan 2025 17:05:53:  64000000 
INFO  @ Tue, 07 Jan 2025 17:05:56:  65000000 
INFO  @ Tue, 07 Jan 2025 17:06:00:  66000000 
INFO  @ Tue, 07 Jan 2025 17:06:03:  67000000 
INFO  @ Tue, 07 Jan 2025 17:06:06:  68000000 
INFO  @ Tue, 07 Jan 2025 17:06:09:  69000000 
INFO  @ Tue, 07 Jan 2025 17:06:12:  70000000 
INFO  @ Tue, 07 Jan 2025 17:06:15:  71000000 
INFO  @ Tue, 07 Jan 2025 17:06:18:  72000000 
INFO  @ Tue, 07 Jan 2025 17:06:21:  73000000 
INFO  @ Tue, 07 Jan 2025 17:06:24:  74000000 
INFO  @ Tue, 07 Jan 2025 17:06:27:  75000000 
INFO  @ Tue, 07 Jan 2025 17:06:31:  76000000 
INFO  @ Tue, 07 Jan 2025 17:06:34:  77000000 
INFO  @ Tue, 07 Jan 2025 17:06:37:  78000000 
INFO  @ Tue, 07 Jan 2025 17:06:40:  79000000 
INFO  @ Tue, 07 Jan 2025 17:06:43:  80000000 
INFO  @ Tue, 07 Jan 2025 17:06:46:  81000000 
INFO  @ Tue, 07 Jan 2025 17:06:49:  82000000 
INFO  @ Tue, 07 Jan 2025 17:06:53:  83000000 
INFO  @ Tue, 07 Jan 2025 17:06:56:  84000000 
INFO  @ Tue, 07 Jan 2025 17:06:59:  85000000 
INFO  @ Tue, 07 Jan 2025 17:07:02:  86000000 
INFO  @ Tue, 07 Jan 2025 17:07:05:  87000000 
INFO  @ Tue, 07 Jan 2025 17:07:07: 87173504 reads have been read. 
INFO  @ Tue, 07 Jan 2025 17:07:08: #1 tag size is determined as 100 bps 
INFO  @ Tue, 07 Jan 2025 17:07:08: #1 tag size = 100.0 
INFO  @ Tue, 07 Jan 2025 17:07:08: #1  total tags in treatment: 87173504 
INFO  @ Tue, 07 Jan 2025 17:07:08: #1 finished! 
INFO  @ Tue, 07 Jan 2025 17:07:08: #2 Build Peak Model... 
INFO  @ Tue, 07 Jan 2025 17:07:08: #2 Skipped... 
INFO  @ Tue, 07 Jan 2025 17:07:08: #2 Use 150 as fragment length 
INFO  @ Tue, 07 Jan 2025 17:07:08: #2 Sequencing ends will be shifted towards 5' by 75 bp(s) 
INFO  @ Tue, 07 Jan 2025 17:07:08: #3 Call peaks... 
INFO  @ Tue, 07 Jan 2025 17:07:08: #3 Going to call summits inside each peak ... 
INFO  @ Tue, 07 Jan 2025 17:07:08: #3 Call peaks with given -log10pvalue cutoff: 2.00000 ... 
INFO  @ Tue, 07 Jan 2025 17:07:08: #3 Pre-compute pvalue-qvalue table... 
INFO  @ Tue, 07 Jan 2025 17:10:26: #3 Call peaks for each chromosome... 
INFO  @ Tue, 07 Jan 2025 17:13:21: #4 Write output xls file... /data/scratch/flanary/Sen_13cRA_ATAC/peaks/SY5Y_2_S36_peaks.xls 
INFO  @ Tue, 07 Jan 2025 17:13:23: #4 Write peak in narrowPeak format file... /data/scratch/flanary/Sen_13cRA_ATAC/peaks/SY5Y_2_S36_peaks.narrowPeak 
INFO  @ Tue, 07 Jan 2025 17:13:23: #4 Write summits bed file... /data/scratch/flanary/Sen_13cRA_ATAC/peaks/SY5Y_2_S36_summits.bed 
INFO  @ Tue, 07 Jan 2025 17:13:24: Done! 
