/cm/local/apps/slurm/var/spool/job31053494/slurm_script: line 20: /home/flanary/miniconda3/etc/profile.d/conda.sh: No such file or directory
bamFilesList: ['/data/scratch/flanary/Sen_13cRA_ATAC/bam/IMR5_1_S29_final.bam']
binLength: 200
numberOfSamples: None
blackListFileName: None
skipZeroOverZero: False
bed_and_bin: False
genomeChunkSize: None
defaultFragmentLength: read length
numberOfProcessors: 1
verbose: False
region: None
bedFile: None
minMappingQuality: None
ignoreDuplicates: False
chrsToSkip: []
stepSize: 200
center_read: False
samFlag_include: None
samFlag_exclude: None
minFragmentLength: 0
maxFragmentLength: 0
zerosToNans: False
smoothLength: None
save_data: False
out_file_for_raw_data: None
maxPairedFragmentLength: 1000
INFO  @ Tue, 07 Jan 2025 17:01:25: 
# Command line: callpeak --treatment /data/scratch/flanary/Sen_13cRA_ATAC/bam/IMR5_1_S29_final.bam --name IMR5_1_S29 --outdir /data/scratch/flanary/Sen_13cRA_ATAC/peaks --gsize hs --nomodel --shift -75 --extsize 150 --keep-dup all --call-summits --pvalue 0.01
# ARGUMENTS LIST:
# name = IMR5_1_S29
# format = AUTO
# ChIP-seq file = ['/data/scratch/flanary/Sen_13cRA_ATAC/bam/IMR5_1_S29_final.bam']
# control file = None
# effective genome size = 2.70e+09
# band width = 300
# model fold = [5, 50]
# pvalue cutoff = 1.00e-02
# qvalue will not be calculated and reported as -1 in the final output.
# The maximum gap between significant sites is assigned as the read length/tag size.
# The minimum length of peaks is assigned as the predicted fragment length "d".
# Larger dataset will be scaled towards smaller dataset.
# Range for calculating regional lambda is: 10000 bps
# Broad region calling is off
# Paired-End mode is off
# Searching for subpeak summits is on
 
INFO  @ Tue, 07 Jan 2025 17:01:25: #1 read tag files... 
INFO  @ Tue, 07 Jan 2025 17:01:25: #1 read treatment tags... 
INFO  @ Tue, 07 Jan 2025 17:01:25: Detected format is: BAM 
INFO  @ Tue, 07 Jan 2025 17:01:25: * Input file is gzipped. 
INFO  @ Tue, 07 Jan 2025 17:01:28:  1000000 
INFO  @ Tue, 07 Jan 2025 17:01:31:  2000000 
INFO  @ Tue, 07 Jan 2025 17:01:35:  3000000 
INFO  @ Tue, 07 Jan 2025 17:01:39:  4000000 
INFO  @ Tue, 07 Jan 2025 17:01:42:  5000000 
INFO  @ Tue, 07 Jan 2025 17:01:45:  6000000 
INFO  @ Tue, 07 Jan 2025 17:01:48:  7000000 
INFO  @ Tue, 07 Jan 2025 17:01:51:  8000000 
INFO  @ Tue, 07 Jan 2025 17:01:54:  9000000 
INFO  @ Tue, 07 Jan 2025 17:01:57:  10000000 
INFO  @ Tue, 07 Jan 2025 17:02:01:  11000000 
INFO  @ Tue, 07 Jan 2025 17:02:04:  12000000 
INFO  @ Tue, 07 Jan 2025 17:02:08:  13000000 
INFO  @ Tue, 07 Jan 2025 17:02:11:  14000000 
INFO  @ Tue, 07 Jan 2025 17:02:14:  15000000 
INFO  @ Tue, 07 Jan 2025 17:02:17:  16000000 
INFO  @ Tue, 07 Jan 2025 17:02:21:  17000000 
INFO  @ Tue, 07 Jan 2025 17:02:25:  18000000 
INFO  @ Tue, 07 Jan 2025 17:02:28:  19000000 
INFO  @ Tue, 07 Jan 2025 17:02:32:  20000000 
INFO  @ Tue, 07 Jan 2025 17:02:36:  21000000 
INFO  @ Tue, 07 Jan 2025 17:02:39:  22000000 
INFO  @ Tue, 07 Jan 2025 17:02:43:  23000000 
INFO  @ Tue, 07 Jan 2025 17:02:46:  24000000 
INFO  @ Tue, 07 Jan 2025 17:02:50:  25000000 
INFO  @ Tue, 07 Jan 2025 17:02:53:  26000000 
INFO  @ Tue, 07 Jan 2025 17:02:56:  27000000 
INFO  @ Tue, 07 Jan 2025 17:03:00:  28000000 
INFO  @ Tue, 07 Jan 2025 17:03:03:  29000000 
INFO  @ Tue, 07 Jan 2025 17:03:07:  30000000 
INFO  @ Tue, 07 Jan 2025 17:03:10:  31000000 
INFO  @ Tue, 07 Jan 2025 17:03:13:  32000000 
INFO  @ Tue, 07 Jan 2025 17:03:16:  33000000 
INFO  @ Tue, 07 Jan 2025 17:03:19:  34000000 
INFO  @ Tue, 07 Jan 2025 17:03:23:  35000000 
INFO  @ Tue, 07 Jan 2025 17:03:27:  36000000 
INFO  @ Tue, 07 Jan 2025 17:03:30:  37000000 
INFO  @ Tue, 07 Jan 2025 17:03:33:  38000000 
INFO  @ Tue, 07 Jan 2025 17:03:36:  39000000 
INFO  @ Tue, 07 Jan 2025 17:03:40:  40000000 
INFO  @ Tue, 07 Jan 2025 17:03:43:  41000000 
INFO  @ Tue, 07 Jan 2025 17:03:46:  42000000 
INFO  @ Tue, 07 Jan 2025 17:03:49:  43000000 
INFO  @ Tue, 07 Jan 2025 17:03:52:  44000000 
INFO  @ Tue, 07 Jan 2025 17:03:56:  45000000 
INFO  @ Tue, 07 Jan 2025 17:04:00:  46000000 
INFO  @ Tue, 07 Jan 2025 17:04:03:  47000000 
INFO  @ Tue, 07 Jan 2025 17:04:06:  48000000 
INFO  @ Tue, 07 Jan 2025 17:04:10:  49000000 
INFO  @ Tue, 07 Jan 2025 17:04:14:  50000000 
INFO  @ Tue, 07 Jan 2025 17:04:17:  51000000 
INFO  @ Tue, 07 Jan 2025 17:04:20:  52000000 
INFO  @ Tue, 07 Jan 2025 17:04:23:  53000000 
INFO  @ Tue, 07 Jan 2025 17:04:26:  54000000 
INFO  @ Tue, 07 Jan 2025 17:04:29:  55000000 
INFO  @ Tue, 07 Jan 2025 17:04:33:  56000000 
INFO  @ Tue, 07 Jan 2025 17:04:36:  57000000 
INFO  @ Tue, 07 Jan 2025 17:04:39:  58000000 
INFO  @ Tue, 07 Jan 2025 17:04:43:  59000000 
INFO  @ Tue, 07 Jan 2025 17:04:46:  60000000 
INFO  @ Tue, 07 Jan 2025 17:04:49:  61000000 
INFO  @ Tue, 07 Jan 2025 17:04:53:  62000000 
INFO  @ Tue, 07 Jan 2025 17:04:56:  63000000 
INFO  @ Tue, 07 Jan 2025 17:04:59:  64000000 
INFO  @ Tue, 07 Jan 2025 17:05:03:  65000000 
INFO  @ Tue, 07 Jan 2025 17:05:07:  66000000 
INFO  @ Tue, 07 Jan 2025 17:05:11:  67000000 
INFO  @ Tue, 07 Jan 2025 17:05:13:  68000000 
INFO  @ Tue, 07 Jan 2025 17:05:18:  69000000 
INFO  @ Tue, 07 Jan 2025 17:05:21:  70000000 
INFO  @ Tue, 07 Jan 2025 17:05:24:  71000000 
INFO  @ Tue, 07 Jan 2025 17:05:27:  72000000 
INFO  @ Tue, 07 Jan 2025 17:05:30:  73000000 
INFO  @ Tue, 07 Jan 2025 17:05:33:  74000000 
INFO  @ Tue, 07 Jan 2025 17:05:37:  75000000 
INFO  @ Tue, 07 Jan 2025 17:05:41:  76000000 
INFO  @ Tue, 07 Jan 2025 17:05:44:  77000000 
INFO  @ Tue, 07 Jan 2025 17:05:48:  78000000 
INFO  @ Tue, 07 Jan 2025 17:05:50: 78420751 reads have been read. 
INFO  @ Tue, 07 Jan 2025 17:05:51: #1 tag size is determined as 93 bps 
INFO  @ Tue, 07 Jan 2025 17:05:51: #1 tag size = 93.0 
INFO  @ Tue, 07 Jan 2025 17:05:51: #1  total tags in treatment: 78420751 
INFO  @ Tue, 07 Jan 2025 17:05:51: #1 finished! 
INFO  @ Tue, 07 Jan 2025 17:05:51: #2 Build Peak Model... 
INFO  @ Tue, 07 Jan 2025 17:05:51: #2 Skipped... 
INFO  @ Tue, 07 Jan 2025 17:05:51: #2 Use 150 as fragment length 
INFO  @ Tue, 07 Jan 2025 17:05:51: #2 Sequencing ends will be shifted towards 5' by 75 bp(s) 
INFO  @ Tue, 07 Jan 2025 17:05:51: #3 Call peaks... 
INFO  @ Tue, 07 Jan 2025 17:05:51: #3 Going to call summits inside each peak ... 
INFO  @ Tue, 07 Jan 2025 17:05:51: #3 Call peaks with given -log10pvalue cutoff: 2.00000 ... 
INFO  @ Tue, 07 Jan 2025 17:05:51: #3 Pre-compute pvalue-qvalue table... 
INFO  @ Tue, 07 Jan 2025 17:08:42: #3 Call peaks for each chromosome... 
INFO  @ Tue, 07 Jan 2025 17:11:15: #4 Write output xls file... /data/scratch/flanary/Sen_13cRA_ATAC/peaks/IMR5_1_S29_peaks.xls 
INFO  @ Tue, 07 Jan 2025 17:11:16: #4 Write peak in narrowPeak format file... /data/scratch/flanary/Sen_13cRA_ATAC/peaks/IMR5_1_S29_peaks.narrowPeak 
INFO  @ Tue, 07 Jan 2025 17:11:17: #4 Write summits bed file... /data/scratch/flanary/Sen_13cRA_ATAC/peaks/IMR5_1_S29_summits.bed 
INFO  @ Tue, 07 Jan 2025 17:11:17: Done! 
