/cm/local/apps/slurm/var/spool/job31053500/slurm_script: line 20: /home/flanary/miniconda3/etc/profile.d/conda.sh: No such file or directory
bamFilesList: ['/data/scratch/flanary/Sen_13cRA_ATAC/bam/SY5Y_1_S35_final.bam']
binLength: 200
numberOfSamples: None
blackListFileName: None
skipZeroOverZero: False
bed_and_bin: False
genomeChunkSize: None
defaultFragmentLength: read length
numberOfProcessors: 1
verbose: False
region: None
bedFile: None
minMappingQuality: None
ignoreDuplicates: False
chrsToSkip: []
stepSize: 200
center_read: False
samFlag_include: None
samFlag_exclude: None
minFragmentLength: 0
maxFragmentLength: 0
zerosToNans: False
smoothLength: None
save_data: False
out_file_for_raw_data: None
maxPairedFragmentLength: 1000
INFO  @ Tue, 07 Jan 2025 17:10:54: 
# Command line: callpeak --treatment /data/scratch/flanary/Sen_13cRA_ATAC/bam/SY5Y_1_S35_final.bam --name SY5Y_1_S35 --outdir /data/scratch/flanary/Sen_13cRA_ATAC/peaks --gsize hs --nomodel --shift -75 --extsize 150 --keep-dup all --call-summits --pvalue 0.01
# ARGUMENTS LIST:
# name = SY5Y_1_S35
# format = AUTO
# ChIP-seq file = ['/data/scratch/flanary/Sen_13cRA_ATAC/bam/SY5Y_1_S35_final.bam']
# control file = None
# effective genome size = 2.70e+09
# band width = 300
# model fold = [5, 50]
# pvalue cutoff = 1.00e-02
# qvalue will not be calculated and reported as -1 in the final output.
# The maximum gap between significant sites is assigned as the read length/tag size.
# The minimum length of peaks is assigned as the predicted fragment length "d".
# Larger dataset will be scaled towards smaller dataset.
# Range for calculating regional lambda is: 10000 bps
# Broad region calling is off
# Paired-End mode is off
# Searching for subpeak summits is on
 
INFO  @ Tue, 07 Jan 2025 17:10:54: #1 read tag files... 
INFO  @ Tue, 07 Jan 2025 17:10:54: #1 read treatment tags... 
INFO  @ Tue, 07 Jan 2025 17:10:54: Detected format is: BAM 
INFO  @ Tue, 07 Jan 2025 17:10:54: * Input file is gzipped. 
INFO  @ Tue, 07 Jan 2025 17:10:57:  1000000 
INFO  @ Tue, 07 Jan 2025 17:11:00:  2000000 
INFO  @ Tue, 07 Jan 2025 17:11:03:  3000000 
INFO  @ Tue, 07 Jan 2025 17:11:06:  4000000 
INFO  @ Tue, 07 Jan 2025 17:11:09:  5000000 
INFO  @ Tue, 07 Jan 2025 17:11:12:  6000000 
INFO  @ Tue, 07 Jan 2025 17:11:15:  7000000 
INFO  @ Tue, 07 Jan 2025 17:11:18:  8000000 
INFO  @ Tue, 07 Jan 2025 17:11:21:  9000000 
INFO  @ Tue, 07 Jan 2025 17:11:24:  10000000 
INFO  @ Tue, 07 Jan 2025 17:11:27:  11000000 
INFO  @ Tue, 07 Jan 2025 17:11:30:  12000000 
INFO  @ Tue, 07 Jan 2025 17:11:33:  13000000 
INFO  @ Tue, 07 Jan 2025 17:11:36:  14000000 
INFO  @ Tue, 07 Jan 2025 17:11:39:  15000000 
INFO  @ Tue, 07 Jan 2025 17:11:42:  16000000 
INFO  @ Tue, 07 Jan 2025 17:11:45:  17000000 
INFO  @ Tue, 07 Jan 2025 17:11:48:  18000000 
INFO  @ Tue, 07 Jan 2025 17:11:51:  19000000 
INFO  @ Tue, 07 Jan 2025 17:11:54:  20000000 
INFO  @ Tue, 07 Jan 2025 17:11:57:  21000000 
INFO  @ Tue, 07 Jan 2025 17:12:00:  22000000 
INFO  @ Tue, 07 Jan 2025 17:12:03:  23000000 
INFO  @ Tue, 07 Jan 2025 17:12:06:  24000000 
INFO  @ Tue, 07 Jan 2025 17:12:09:  25000000 
INFO  @ Tue, 07 Jan 2025 17:12:12:  26000000 
INFO  @ Tue, 07 Jan 2025 17:12:15:  27000000 
INFO  @ Tue, 07 Jan 2025 17:12:18:  28000000 
INFO  @ Tue, 07 Jan 2025 17:12:21:  29000000 
INFO  @ Tue, 07 Jan 2025 17:12:24:  30000000 
INFO  @ Tue, 07 Jan 2025 17:12:27:  31000000 
INFO  @ Tue, 07 Jan 2025 17:12:30:  32000000 
INFO  @ Tue, 07 Jan 2025 17:12:33:  33000000 
INFO  @ Tue, 07 Jan 2025 17:12:36:  34000000 
INFO  @ Tue, 07 Jan 2025 17:12:39:  35000000 
INFO  @ Tue, 07 Jan 2025 17:12:42:  36000000 
INFO  @ Tue, 07 Jan 2025 17:12:45:  37000000 
INFO  @ Tue, 07 Jan 2025 17:12:48:  38000000 
INFO  @ Tue, 07 Jan 2025 17:12:51:  39000000 
INFO  @ Tue, 07 Jan 2025 17:12:54:  40000000 
INFO  @ Tue, 07 Jan 2025 17:12:57:  41000000 
INFO  @ Tue, 07 Jan 2025 17:13:00:  42000000 
INFO  @ Tue, 07 Jan 2025 17:13:03:  43000000 
INFO  @ Tue, 07 Jan 2025 17:13:06:  44000000 
INFO  @ Tue, 07 Jan 2025 17:13:09:  45000000 
INFO  @ Tue, 07 Jan 2025 17:13:12:  46000000 
INFO  @ Tue, 07 Jan 2025 17:13:14:  47000000 
INFO  @ Tue, 07 Jan 2025 17:13:17:  48000000 
INFO  @ Tue, 07 Jan 2025 17:13:20:  49000000 
INFO  @ Tue, 07 Jan 2025 17:13:23:  50000000 
INFO  @ Tue, 07 Jan 2025 17:13:26:  51000000 
INFO  @ Tue, 07 Jan 2025 17:13:29:  52000000 
INFO  @ Tue, 07 Jan 2025 17:13:32:  53000000 
INFO  @ Tue, 07 Jan 2025 17:13:35:  54000000 
INFO  @ Tue, 07 Jan 2025 17:13:38:  55000000 
INFO  @ Tue, 07 Jan 2025 17:13:41:  56000000 
INFO  @ Tue, 07 Jan 2025 17:13:44:  57000000 
INFO  @ Tue, 07 Jan 2025 17:13:47:  58000000 
INFO  @ Tue, 07 Jan 2025 17:13:50:  59000000 
INFO  @ Tue, 07 Jan 2025 17:13:53:  60000000 
INFO  @ Tue, 07 Jan 2025 17:13:56:  61000000 
INFO  @ Tue, 07 Jan 2025 17:13:58:  62000000 
INFO  @ Tue, 07 Jan 2025 17:14:01:  63000000 
INFO  @ Tue, 07 Jan 2025 17:14:04:  64000000 
INFO  @ Tue, 07 Jan 2025 17:14:07:  65000000 
INFO  @ Tue, 07 Jan 2025 17:14:10:  66000000 
INFO  @ Tue, 07 Jan 2025 17:14:13:  67000000 
INFO  @ Tue, 07 Jan 2025 17:14:16:  68000000 
INFO  @ Tue, 07 Jan 2025 17:14:19:  69000000 
INFO  @ Tue, 07 Jan 2025 17:14:22:  70000000 
INFO  @ Tue, 07 Jan 2025 17:14:25:  71000000 
INFO  @ Tue, 07 Jan 2025 17:14:28:  72000000 
INFO  @ Tue, 07 Jan 2025 17:14:31:  73000000 
INFO  @ Tue, 07 Jan 2025 17:14:33:  74000000 
INFO  @ Tue, 07 Jan 2025 17:14:36:  75000000 
INFO  @ Tue, 07 Jan 2025 17:14:39:  76000000 
INFO  @ Tue, 07 Jan 2025 17:14:42:  77000000 
INFO  @ Tue, 07 Jan 2025 17:14:45:  78000000 
INFO  @ Tue, 07 Jan 2025 17:14:48:  79000000 
INFO  @ Tue, 07 Jan 2025 17:14:51:  80000000 
INFO  @ Tue, 07 Jan 2025 17:14:54:  81000000 
INFO  @ Tue, 07 Jan 2025 17:14:57:  82000000 
INFO  @ Tue, 07 Jan 2025 17:15:00:  83000000 
INFO  @ Tue, 07 Jan 2025 17:15:02:  84000000 
INFO  @ Tue, 07 Jan 2025 17:15:05:  85000000 
INFO  @ Tue, 07 Jan 2025 17:15:08:  86000000 
INFO  @ Tue, 07 Jan 2025 17:15:11:  87000000 
INFO  @ Tue, 07 Jan 2025 17:15:14:  88000000 
INFO  @ Tue, 07 Jan 2025 17:15:17:  89000000 
INFO  @ Tue, 07 Jan 2025 17:15:20:  90000000 
INFO  @ Tue, 07 Jan 2025 17:15:23:  91000000 
INFO  @ Tue, 07 Jan 2025 17:15:26:  92000000 
INFO  @ Tue, 07 Jan 2025 17:15:29:  93000000 
INFO  @ Tue, 07 Jan 2025 17:15:31:  94000000 
INFO  @ Tue, 07 Jan 2025 17:15:34:  95000000 
INFO  @ Tue, 07 Jan 2025 17:15:37:  96000000 
INFO  @ Tue, 07 Jan 2025 17:15:40:  97000000 
INFO  @ Tue, 07 Jan 2025 17:15:43:  98000000 
INFO  @ Tue, 07 Jan 2025 17:15:46:  99000000 
INFO  @ Tue, 07 Jan 2025 17:15:49:  100000000 
INFO  @ Tue, 07 Jan 2025 17:15:52:  101000000 
INFO  @ Tue, 07 Jan 2025 17:15:55:  102000000 
INFO  @ Tue, 07 Jan 2025 17:15:58:  103000000 
INFO  @ Tue, 07 Jan 2025 17:16:00:  104000000 
INFO  @ Tue, 07 Jan 2025 17:16:03:  105000000 
INFO  @ Tue, 07 Jan 2025 17:16:06:  106000000 
INFO  @ Tue, 07 Jan 2025 17:16:09:  107000000 
INFO  @ Tue, 07 Jan 2025 17:16:12:  108000000 
INFO  @ Tue, 07 Jan 2025 17:16:15:  109000000 
INFO  @ Tue, 07 Jan 2025 17:16:18:  110000000 
INFO  @ Tue, 07 Jan 2025 17:16:21:  111000000 
INFO  @ Tue, 07 Jan 2025 17:16:23:  112000000 
INFO  @ Tue, 07 Jan 2025 17:16:26:  113000000 
INFO  @ Tue, 07 Jan 2025 17:16:29:  114000000 
INFO  @ Tue, 07 Jan 2025 17:16:32:  115000000 
INFO  @ Tue, 07 Jan 2025 17:16:36:  116000000 
INFO  @ Tue, 07 Jan 2025 17:16:36: 116016611 reads have been read. 
INFO  @ Tue, 07 Jan 2025 17:16:38: #1 tag size is determined as 95 bps 
INFO  @ Tue, 07 Jan 2025 17:16:38: #1 tag size = 95.0 
INFO  @ Tue, 07 Jan 2025 17:16:38: #1  total tags in treatment: 116016611 
INFO  @ Tue, 07 Jan 2025 17:16:38: #1 finished! 
INFO  @ Tue, 07 Jan 2025 17:16:38: #2 Build Peak Model... 
INFO  @ Tue, 07 Jan 2025 17:16:38: #2 Skipped... 
INFO  @ Tue, 07 Jan 2025 17:16:38: #2 Use 150 as fragment length 
INFO  @ Tue, 07 Jan 2025 17:16:38: #2 Sequencing ends will be shifted towards 5' by 75 bp(s) 
INFO  @ Tue, 07 Jan 2025 17:16:38: #3 Call peaks... 
INFO  @ Tue, 07 Jan 2025 17:16:38: #3 Going to call summits inside each peak ... 
INFO  @ Tue, 07 Jan 2025 17:16:38: #3 Call peaks with given -log10pvalue cutoff: 2.00000 ... 
INFO  @ Tue, 07 Jan 2025 17:16:38: #3 Pre-compute pvalue-qvalue table... 
INFO  @ Tue, 07 Jan 2025 17:20:47: #3 Call peaks for each chromosome... 
INFO  @ Tue, 07 Jan 2025 17:24:05: #4 Write output xls file... /data/scratch/flanary/Sen_13cRA_ATAC/peaks/SY5Y_1_S35_peaks.xls 
INFO  @ Tue, 07 Jan 2025 17:24:07: #4 Write peak in narrowPeak format file... /data/scratch/flanary/Sen_13cRA_ATAC/peaks/SY5Y_1_S35_peaks.narrowPeak 
INFO  @ Tue, 07 Jan 2025 17:24:07: #4 Write summits bed file... /data/scratch/flanary/Sen_13cRA_ATAC/peaks/SY5Y_1_S35_summits.bed 
INFO  @ Tue, 07 Jan 2025 17:24:08: Done! 
