/cm/local/apps/slurm/var/spool/job31046302/slurm_script: line 20: /home/flanary/miniconda3/etc/profile.d/conda.sh: No such file or directory
Path to Cutadapt set as: 'cutadapt' (default)
Cutadapt seems to be working fine (tested command 'cutadapt --version')
Cutadapt version: 2.6
Could not detect version of Python used by Cutadapt from the first line of Cutadapt (but found this: >>>#!/bin/sh<<<)
Letting the (modified) Cutadapt deal with the Python version instead
Parallel gzip (pigz) detected. Proceeding with multicore (de)compression using 8 cores

Proceeding with 'pigz -p 4' for decompression
To decrease CPU usage of decompression, please install 'igzip' and run again

No quality encoding type selected. Assuming that the data provided uses Sanger encoded Phred scores (default)

Output will be written into the directory: /scratch/flanary/Sen_13cRA_ATAC/trimmed_fastq/


AUTO-DETECTING ADAPTER TYPE
===========================
Attempting to auto-detect adapter type from the first 1 million sequences of the first file (>> /data/project/sen-lab/internal/2024_12_17/Sen_ATAC_cRA/SY5Y_1_S35_R1_001.fastq.gz <<)

Found perfect matches for the following adapter sequences:
Adapter type	Count	Sequence	Sequences analysed	Percentage
Nextera	353216	CTGTCTCTTATA	1000000	35.32
smallRNA	1	TGGAATTCTCGG	1000000	0.00
Illumina	0	AGATCGGAAGAGC	1000000	0.00
Using Nextera adapter for trimming (count: 353216). Second best hit was smallRNA (count: 1)

Writing report to '/scratch/flanary/Sen_13cRA_ATAC/trimmed_fastq/SY5Y_1_S35_R1_001.fastq.gz_trimming_report.txt'

SUMMARISING RUN PARAMETERS
==========================
Input filename: /data/project/sen-lab/internal/2024_12_17/Sen_ATAC_cRA/SY5Y_1_S35_R1_001.fastq.gz
Trimming mode: paired-end
Trim Galore version: 0.6.10
Cutadapt version: 2.6
Python version: could not detect
Number of cores used for trimming: 8
Quality Phred score cutoff: 20
Quality encoding type selected: ASCII+33
Adapter sequence: 'CTGTCTCTTATA' (Nextera Transposase sequence; auto-detected)
Maximum trimming error rate: 0.1 (default)
Minimum required adapter overlap (stringency): 1 bp
Minimum required sequence length for both reads before a sequence pair gets removed: 20 bp
Output file(s) will be GZIP compressed

Cutadapt seems to be fairly up-to-date (version 2.6). Setting -j 8
Writing final adapter and quality trimmed output to SY5Y_1_S35_R1_001_trimmed.fq.gz


  >>> Now performing quality (cutoff '-q 20') and adapter trimming in a single pass for the adapter sequence: 'CTGTCTCTTATA' from file /data/project/sen-lab/internal/2024_12_17/Sen_ATAC_cRA/SY5Y_1_S35_R1_001.fastq.gz <<< 
10000000 sequences processed
20000000 sequences processed
30000000 sequences processed
40000000 sequences processed
50000000 sequences processed
60000000 sequences processed
70000000 sequences processed
80000000 sequences processed
90000000 sequences processed
100000000 sequences processed
110000000 sequences processed
120000000 sequences processed
130000000 sequences processed
140000000 sequences processed
150000000 sequences processed
160000000 sequences processed
170000000 sequences processed
180000000 sequences processed
190000000 sequences processed
200000000 sequences processed
210000000 sequences processed
220000000 sequences processed
230000000 sequences processed
240000000 sequences processed
250000000 sequences processed
260000000 sequences processed
270000000 sequences processed
280000000 sequences processed
290000000 sequences processed
300000000 sequences processed
310000000 sequences processed
320000000 sequences processed
330000000 sequences processed
This is cutadapt 2.6 with Python 3.7.16
Command line parameters: -j 8 -e 0.1 -q 20 -O 1 -a CTGTCTCTTATA /data/project/sen-lab/internal/2024_12_17/Sen_ATAC_cRA/SY5Y_1_S35_R1_001.fastq.gz
Processing reads on 8 cores in single-end mode ...
Finished in 1176.63 s (4 us/read; 16.88 M reads/minute).

=== Summary ===

Total reads processed:             331,040,711
Reads with adapters:               200,209,809 (60.5%)
Reads written (passing filters):   331,040,711 (100.0%)

Total basepairs processed: 33,435,111,811 bp
Quality-trimmed:              51,389,172 bp (0.2%)
Total written (filtered):  28,139,786,748 bp (84.2%)

=== Adapter 1 ===

Sequence: CTGTCTCTTATA; Type: regular 3'; Length: 12; Trimmed: 200209809 times.

No. of allowed errors:
0-9 bp: 0; 10-12 bp: 1

Bases preceding removed adapters:
  A: 13.0%
  C: 40.8%
  G: 25.5%
  T: 20.7%
  none/other: 0.0%

Overview of removed sequences
length	count	expect	max.err	error counts
1	44555621	82760177.8	0	44555621
2	14950133	20690044.4	0	14950133
3	5430464	5172511.1	0	5430464
4	2361757	1293127.8	0	2361757
5	1667574	323281.9	0	1667574
6	1545883	80820.5	0	1545883
7	1482209	20205.1	0	1482209
8	1412569	5051.3	0	1412569
9	1351193	1262.8	0	1335936 15257
10	1397992	315.7	1	1359585 38407
11	1379605	78.9	1	1337210 42395
12	1519511	19.7	1	1457123 62388
13	1474458	19.7	1	1421294 53164
14	1672024	19.7	1	1604705 67319
15	1677792	19.7	1	1613328 64464
16	1920183	19.7	1	1837885 82298
17	1620261	19.7	1	1561465 58796
18	1640580	19.7	1	1580683 59897
19	1617284	19.7	1	1559220 58064
20	1680719	19.7	1	1618541 62178
21	1652376	19.7	1	1588814 63562
22	1650662	19.7	1	1593752 56910
23	1826060	19.7	1	1752238 73822
24	1821277	19.7	1	1758003 63274
25	1918958	19.7	1	1847696 71262
26	1975340	19.7	1	1898000 77340
27	2015498	19.7	1	1939031 76467
28	2019345	19.7	1	1941646 77699
29	2042604	19.7	1	1963734 78870
30	1905640	19.7	1	1839824 65816
31	2019018	19.7	1	1943828 75190
32	1875373	19.7	1	1811669 63704
33	2021933	19.7	1	1944905 77028
34	2171997	19.7	1	2091991 80006
35	2279564	19.7	1	2194615 84949
36	2388104	19.7	1	2289126 98978
37	2458410	19.7	1	2369153 89257
38	2407445	19.7	1	2325815 81630
39	2298438	19.7	1	2212801 85637
40	2287238	19.7	1	2206936 80302
41	2261032	19.7	1	2185319 75713
42	2366902	19.7	1	2283292 83610
43	2426144	19.7	1	2336890 89254
44	2523633	19.7	1	2434905 88728
45	2839589	19.7	1	2736425 103164
46	2808556	19.7	1	2664994 143562
47	4787718	19.7	1	4721333 66385
48	986107	19.7	1	908202 77905
49	2384960	19.7	1	2299659 85301
50	2852652	19.7	1	2759325 93327
51	2759866	19.7	1	2673979 85887
52	2632777	19.7	1	2539172 93605
53	2863543	19.7	1	2768515 95028
54	2790636	19.7	1	2700175 90461
55	2954137	19.7	1	2857819 96318
56	3094270	19.7	1	2981610 112660
57	3381182	19.7	1	3281294 99888
58	2746717	19.7	1	2647994 98723
59	2979677	19.7	1	2883086 96591
60	2869812	19.7	1	2785193 84619
61	2477309	19.7	1	2401712 75597
62	2119641	19.7	1	2067481 52160
63	1440002	19.7	1	1377795 62207
64	1896783	19.7	1	1844098 52685
65	1246944	19.7	1	1211053 35891
66	612638	19.7	1	593485 19153
67	303191	19.7	1	289238 13953
68	355113	19.7	1	342311 12802
69	198742	19.7	1	188487 10255
70	286262	19.7	1	278702 7560
71	182062	19.7	1	175080 6982
72	167938	19.7	1	164280 3658
73	22756	19.7	1	15768 6988
74	44516	19.7	1	39956 4560
75	51493	19.7	1	38144 13349
76	9165	19.7	1	4326 4839
77	3925	19.7	1	2156 1769
78	9230	19.7	1	3291 5939
79	3117	19.7	1	1073 2044
80	7172	19.7	1	3515 3657
81	3133	19.7	1	810 2323
82	4201	19.7	1	2615 1586
83	5265	19.7	1	497 4768
84	2399	19.7	1	814 1585
85	8491	19.7	1	268 8223
86	2629	19.7	1	313 2316
87	2053	19.7	1	237 1816
88	5408	19.7	1	163 5245
89	2138	19.7	1	125 2013
90	1487	19.7	1	87 1400
91	5058	19.7	1	207 4851
92	3077	19.7	1	1006 2071
93	8278	19.7	1	279 7999
94	801	19.7	1	38 763
95	1229	19.7	1	50 1179
96	597	19.7	1	18 579
97	1528	19.7	1	40 1488
98	5631	19.7	1	178 5453
99	1248	19.7	1	49 1199
100	1626	19.7	1	31 1595
101	2531	19.7	1	1778 753

RUN STATISTICS FOR INPUT FILE: /data/project/sen-lab/internal/2024_12_17/Sen_ATAC_cRA/SY5Y_1_S35_R1_001.fastq.gz
=============================================
331040711 sequences processed in total
The length threshold of paired-end sequences gets evaluated later on (in the validation step)

Writing report to '/scratch/flanary/Sen_13cRA_ATAC/trimmed_fastq/SY5Y_1_S35_R2_001.fastq.gz_trimming_report.txt'

SUMMARISING RUN PARAMETERS
==========================
Input filename: /data/project/sen-lab/internal/2024_12_17/Sen_ATAC_cRA/SY5Y_1_S35_R2_001.fastq.gz
Trimming mode: paired-end
Trim Galore version: 0.6.10
Cutadapt version: 2.6
Python version: could not detect
Number of cores used for trimming: 8
Quality Phred score cutoff: 20
Quality encoding type selected: ASCII+33
Adapter sequence: 'CTGTCTCTTATA' (Nextera Transposase sequence; auto-detected)
Maximum trimming error rate: 0.1 (default)
Minimum required adapter overlap (stringency): 1 bp
Minimum required sequence length for both reads before a sequence pair gets removed: 20 bp
Output file(s) will be GZIP compressed

Cutadapt seems to be fairly up-to-date (version 2.6). Setting -j -j 8
Writing final adapter and quality trimmed output to SY5Y_1_S35_R2_001_trimmed.fq.gz


  >>> Now performing quality (cutoff '-q 20') and adapter trimming in a single pass for the adapter sequence: 'CTGTCTCTTATA' from file /data/project/sen-lab/internal/2024_12_17/Sen_ATAC_cRA/SY5Y_1_S35_R2_001.fastq.gz <<< 
10000000 sequences processed
20000000 sequences processed
30000000 sequences processed
40000000 sequences processed
50000000 sequences processed
60000000 sequences processed
70000000 sequences processed
80000000 sequences processed
90000000 sequences processed
100000000 sequences processed
110000000 sequences processed
120000000 sequences processed
130000000 sequences processed
140000000 sequences processed
150000000 sequences processed
160000000 sequences processed
170000000 sequences processed
180000000 sequences processed
190000000 sequences processed
200000000 sequences processed
210000000 sequences processed
220000000 sequences processed
230000000 sequences processed
240000000 sequences processed
250000000 sequences processed
260000000 sequences processed
270000000 sequences processed
280000000 sequences processed
290000000 sequences processed
300000000 sequences processed
310000000 sequences processed
320000000 sequences processed
330000000 sequences processed
This is cutadapt 2.6 with Python 3.7.16
Command line parameters: -j 8 -e 0.1 -q 20 -O 1 -a CTGTCTCTTATA /data/project/sen-lab/internal/2024_12_17/Sen_ATAC_cRA/SY5Y_1_S35_R2_001.fastq.gz
Processing reads on 8 cores in single-end mode ...
Finished in 1162.83 s (4 us/read; 17.08 M reads/minute).

=== Summary ===

Total reads processed:             331,040,711
Reads with adapters:               199,990,461 (60.4%)
Reads written (passing filters):   331,040,711 (100.0%)

Total basepairs processed: 33,435,111,811 bp
Quality-trimmed:              50,880,301 bp (0.2%)
Total written (filtered):  28,125,016,012 bp (84.1%)

=== Adapter 1 ===

Sequence: CTGTCTCTTATA; Type: regular 3'; Length: 12; Trimmed: 199990461 times.

No. of allowed errors:
0-9 bp: 0; 10-12 bp: 1

Bases preceding removed adapters:
  A: 12.9%
  C: 41.0%
  G: 25.5%
  T: 20.6%
  none/other: 0.0%

Overview of removed sequences
length	count	expect	max.err	error counts
1	44170546	82760177.8	0	44170546
2	14912603	20690044.4	0	14912603
3	5390472	5172511.1	0	5390472
4	2410811	1293127.8	0	2410811
5	1669257	323281.9	0	1669257
6	1566136	80820.5	0	1566136
7	1488007	20205.1	0	1488007
8	1414950	5051.3	0	1414950
9	1381576	1262.8	0	1368036 13540
10	1399250	315.7	1	1375455 23795
11	1391783	78.9	1	1376206 15577
12	1514505	19.7	1	1492303 22202
13	1482700	19.7	1	1468939 13761
14	1665614	19.7	1	1642156 23458
15	1686724	19.7	1	1670273 16451
16	1791021	19.7	1	1759394 31627
17	1717953	19.7	1	1701300 16653
18	1650418	19.7	1	1635360 15058
19	1653548	19.7	1	1636814 16734
20	1640057	19.7	1	1625700 14357
21	1650402	19.7	1	1629659 20743
22	1726922	19.7	1	1708439 18483
23	1752202	19.7	1	1735570 16632
24	1867091	19.7	1	1846789 20302
25	1934134	19.7	1	1917082 17052
26	1957123	19.7	1	1935687 21436
27	2035036	19.7	1	2015285 19751
28	2028680	19.7	1	2004057 24623
29	1975647	19.7	1	1958250 17397
30	1967080	19.7	1	1949189 17891
31	1923846	19.7	1	1901674 22172
32	1984524	19.7	1	1967953 16571
33	2317772	19.7	1	2295814 21958
34	1879220	19.7	1	1856640 22580
35	2346487	19.7	1	2325942 20545
36	2265549	19.7	1	2242253 23296
37	2572705	19.7	1	2550484 22221
38	2223520	19.7	1	2204107 19413
39	2485857	19.7	1	2464505 21352
40	2279514	19.7	1	2261517 17997
41	2389638	19.7	1	2370254 19384
42	2137029	19.7	1	2117829 19200
43	2403963	19.7	1	2384406 19557
44	2513972	19.7	1	2492266 21706
45	2623864	19.7	1	2602875 20989
46	2710398	19.7	1	2689223 21175
47	2845358	19.7	1	2819695 25663
48	2936100	19.7	1	2910601 25499
49	2687212	19.7	1	2667926 19286
50	2783908	19.7	1	2761417 22491
51	2772290	19.7	1	2748643 23647
52	2708082	19.7	1	2688255 19827
53	2739884	19.7	1	2719694 20190
54	2810717	19.7	1	2789435 21282
55	2971305	19.7	1	2949253 22052
56	3297051	19.7	1	3273739 23312
57	2830686	19.7	1	2810761 19925
58	2919445	19.7	1	2896371 23074
59	3001903	19.7	1	2979330 22573
60	2369903	19.7	1	2352054 17849
61	2479219	19.7	1	2461979 17240
62	2295990	19.7	1	2278877 17113
63	2026946	19.7	1	2012216 14730
64	1667818	19.7	1	1653487 14331
65	1494040	19.7	1	1483421 10619
66	610453	19.7	1	604225 6228
67	355610	19.7	1	351810 3800
68	221420	19.7	1	214793 6627
69	167054	19.7	1	163219 3835
70	130383	19.7	1	126969 3414
71	142614	19.7	1	139804 2810
72	205214	19.7	1	202314 2900
73	230389	19.7	1	223621 6768
74	172164	19.7	1	168905 3259
75	69455	19.7	1	56870 12585
76	10453	19.7	1	5736 4717
77	5019	19.7	1	3279 1740
78	6554	19.7	1	753 5801
79	2753	19.7	1	810 1943
80	6545	19.7	1	3037 3508
81	3007	19.7	1	781 2226
82	3941	19.7	1	2470 1471
83	5049	19.7	1	504 4545
84	2284	19.7	1	827 1457
85	8503	19.7	1	292 8211
86	2683	19.7	1	329 2354
87	2066	19.7	1	274 1792
88	5101	19.7	1	173 4928
89	2134	19.7	1	123 2011
90	1454	19.7	1	105 1349
91	4709	19.7	1	244 4465
92	3009	19.7	1	1043 1966
93	7792	19.7	1	333 7459
94	766	19.7	1	49 717
95	1261	19.7	1	47 1214
96	623	19.7	1	11 612
97	1427	19.7	1	32 1395
98	5316	19.7	1	158 5158
99	1199	19.7	1	51 1148
100	1591	19.7	1	28 1563
101	2503	19.7	1	2056 447

RUN STATISTICS FOR INPUT FILE: /data/project/sen-lab/internal/2024_12_17/Sen_ATAC_cRA/SY5Y_1_S35_R2_001.fastq.gz
=============================================
331040711 sequences processed in total
The length threshold of paired-end sequences gets evaluated later on (in the validation step)

Validate paired-end files SY5Y_1_S35_R1_001_trimmed.fq.gz and SY5Y_1_S35_R2_001_trimmed.fq.gz
file_1: SY5Y_1_S35_R1_001_trimmed.fq.gz, file_2: SY5Y_1_S35_R2_001_trimmed.fq.gz


>>>>> Now validing the length of the 2 paired-end infiles: SY5Y_1_S35_R1_001_trimmed.fq.gz and SY5Y_1_S35_R2_001_trimmed.fq.gz <<<<<
Writing validated paired-end Read 1 reads to SY5Y_1_S35_R1_001_val_1.fq.gz
Writing validated paired-end Read 2 reads to SY5Y_1_S35_R2_001_val_2.fq.gz

Total number of sequences analysed: 331040711

Number of sequence pairs removed because at least one read was shorter than the length cutoff (20 bp): 169860 (0.05%)

Deleting both intermediate output files SY5Y_1_S35_R1_001_trimmed.fq.gz and SY5Y_1_S35_R2_001_trimmed.fq.gz

====================================================================================================

