/cm/local/apps/slurm/var/spool/job31046297/slurm_script: line 20: /home/flanary/miniconda3/etc/profile.d/conda.sh: No such file or directory
Path to Cutadapt set as: 'cutadapt' (default)
Cutadapt seems to be working fine (tested command 'cutadapt --version')
Cutadapt version: 2.6
Could not detect version of Python used by Cutadapt from the first line of Cutadapt (but found this: >>>#!/bin/sh<<<)
Letting the (modified) Cutadapt deal with the Python version instead
Parallel gzip (pigz) detected. Proceeding with multicore (de)compression using 8 cores

Proceeding with 'pigz -p 4' for decompression
To decrease CPU usage of decompression, please install 'igzip' and run again

No quality encoding type selected. Assuming that the data provided uses Sanger encoded Phred scores (default)

Output will be written into the directory: /scratch/flanary/Sen_13cRA_ATAC/trimmed_fastq/


AUTO-DETECTING ADAPTER TYPE
===========================
Attempting to auto-detect adapter type from the first 1 million sequences of the first file (>> /data/project/sen-lab/internal/2024_12_17/Sen_ATAC_cRA/IMR5_2_S30_R1_001.fastq.gz <<)

Found perfect matches for the following adapter sequences:
Adapter type	Count	Sequence	Sequences analysed	Percentage
Nextera	365086	CTGTCTCTTATA	1000000	36.51
Illumina	0	AGATCGGAAGAGC	1000000	0.00
smallRNA	0	TGGAATTCTCGG	1000000	0.00
Using Nextera adapter for trimming (count: 365086). Second best hit was Illumina (count: 0)

Writing report to '/scratch/flanary/Sen_13cRA_ATAC/trimmed_fastq/IMR5_2_S30_R1_001.fastq.gz_trimming_report.txt'

SUMMARISING RUN PARAMETERS
==========================
Input filename: /data/project/sen-lab/internal/2024_12_17/Sen_ATAC_cRA/IMR5_2_S30_R1_001.fastq.gz
Trimming mode: paired-end
Trim Galore version: 0.6.10
Cutadapt version: 2.6
Python version: could not detect
Number of cores used for trimming: 8
Quality Phred score cutoff: 20
Quality encoding type selected: ASCII+33
Adapter sequence: 'CTGTCTCTTATA' (Nextera Transposase sequence; auto-detected)
Maximum trimming error rate: 0.1 (default)
Minimum required adapter overlap (stringency): 1 bp
Minimum required sequence length for both reads before a sequence pair gets removed: 20 bp
Output file(s) will be GZIP compressed

Cutadapt seems to be fairly up-to-date (version 2.6). Setting -j 8
Writing final adapter and quality trimmed output to IMR5_2_S30_R1_001_trimmed.fq.gz


  >>> Now performing quality (cutoff '-q 20') and adapter trimming in a single pass for the adapter sequence: 'CTGTCTCTTATA' from file /data/project/sen-lab/internal/2024_12_17/Sen_ATAC_cRA/IMR5_2_S30_R1_001.fastq.gz <<< 
10000000 sequences processed
20000000 sequences processed
30000000 sequences processed
40000000 sequences processed
50000000 sequences processed
60000000 sequences processed
70000000 sequences processed
80000000 sequences processed
90000000 sequences processed
This is cutadapt 2.6 with Python 3.7.16
Command line parameters: -j 8 -e 0.1 -q 20 -O 1 -a CTGTCTCTTATA /data/project/sen-lab/internal/2024_12_17/Sen_ATAC_cRA/IMR5_2_S30_R1_001.fastq.gz
Processing reads on 8 cores in single-end mode ...
Finished in 312.70 s (3 us/read; 17.32 M reads/minute).

=== Summary ===

Total reads processed:              90,273,666
Reads with adapters:                57,411,779 (63.6%)
Reads written (passing filters):    90,273,666 (100.0%)

Total basepairs processed: 9,117,640,266 bp
Quality-trimmed:              55,644,239 bp (0.6%)
Total written (filtered):  7,719,084,314 bp (84.7%)

=== Adapter 1 ===

Sequence: CTGTCTCTTATA; Type: regular 3'; Length: 12; Trimmed: 57411779 times.

No. of allowed errors:
0-9 bp: 0; 10-12 bp: 1

Bases preceding removed adapters:
  A: 12.0%
  C: 42.6%
  G: 26.0%
  T: 19.4%
  none/other: 0.0%

Overview of removed sequences
length	count	expect	max.err	error counts
1	12558390	22568416.5	0	12558390
2	4237579	5642104.1	0	4237579
3	1718783	1410526.0	0	1718783
4	767155	352631.5	0	767155
5	557620	88157.9	0	557620
6	533338	22039.5	0	533338
7	512906	5509.9	0	512906
8	518988	1377.5	0	518988
9	507132	344.4	0	503898 3234
10	542468	86.1	1	531861 10607
11	536816	21.5	1	523776 13040
12	569914	5.4	1	550968 18946
13	525926	5.4	1	509754 16172
14	563731	5.4	1	545031 18700
15	542250	5.4	1	525163 17087
16	591283	5.4	1	570072 21211
17	550278	5.4	1	533722 16556
18	556225	5.4	1	538934 17291
19	576360	5.4	1	558923 17437
20	624370	5.4	1	604857 19513
21	619862	5.4	1	600379 19483
22	615397	5.4	1	597068 18329
23	624921	5.4	1	604389 20532
24	615031	5.4	1	597104 17927
25	606628	5.4	1	587947 18681
26	594489	5.4	1	575761 18728
27	615938	5.4	1	596299 19639
28	628975	5.4	1	608464 20511
29	670840	5.4	1	648773 22067
30	663544	5.4	1	643717 19827
31	695794	5.4	1	674257 21537
32	685291	5.4	1	665641 19650
33	676016	5.4	1	654020 21996
34	688893	5.4	1	667599 21294
35	683074	5.4	1	660252 22822
36	660129	5.4	1	640938 19191
37	679787	5.4	1	659455 20332
38	676933	5.4	1	656402 20531
39	708582	5.4	1	686085 22497
40	682797	5.4	1	662796 20001
41	732789	5.4	1	708592 24197
42	780271	5.4	1	755693 24578
43	736688	5.4	1	713990 22698
44	810254	5.4	1	785339 24915
45	751500	5.4	1	724395 27105
46	763253	5.4	1	723068 40185
47	1500495	5.4	1	1482458 18037
48	295511	5.4	1	273932 21579
49	892009	5.4	1	781392 110617
50	4749121	5.4	1	4710846 38275
51	832933	5.4	1	817345 15588
52	108132	5.4	1	84381 23751
53	953129	5.4	1	940995 12134
54	310485	5.4	1	304511 5974
55	99666	5.4	1	82194 17472
56	701421	5.4	1	689419 12002
57	372886	5.4	1	367793 5093
58	83140	5.4	1	80230 2910
59	45902	5.4	1	43981 1921
60	35739	5.4	1	29732 6007
61	212013	5.4	1	209879 2134
62	15820	5.4	1	14060 1760
63	40103	5.4	1	33090 7013
64	245831	5.4	1	243828 2003
65	20197	5.4	1	18850 1347
66	11562	5.4	1	10179 1383
67	20705	5.4	1	19411 1294
68	26546	5.4	1	25574 972
69	2115	5.4	1	1181 934
70	8757	5.4	1	7997 760
71	14324	5.4	1	13338 986
72	24909	5.4	1	24280 629
73	2808	5.4	1	1628 1180
74	1283	5.4	1	720 563
75	2048	5.4	1	1474 574
76	1905	5.4	1	1411 494
77	1642	5.4	1	1205 437
78	2859	5.4	1	1928 931
79	1411	5.4	1	812 599
80	1995	5.4	1	1513 482
81	947	5.4	1	415 532
82	1508	5.4	1	1092 416
83	926	5.4	1	168 758
84	695	5.4	1	308 387
85	496	5.4	1	76 420
86	439	5.4	1	58 381
87	466	5.4	1	42 424
88	671	5.4	1	25 646
89	583	5.4	1	21 562
90	347	5.4	1	18 329
91	1023	5.4	1	50 973
92	960	5.4	1	339 621
93	1685	5.4	1	46 1639
94	166	5.4	1	1 165
95	350	5.4	1	6 344
96	147	5.4	1	3 144
97	443	5.4	1	8 435
98	793	5.4	1	11 782
99	284	5.4	1	8 276
100	134	5.4	1	4 130
101	126	5.4	1	51 75

RUN STATISTICS FOR INPUT FILE: /data/project/sen-lab/internal/2024_12_17/Sen_ATAC_cRA/IMR5_2_S30_R1_001.fastq.gz
=============================================
90273666 sequences processed in total
The length threshold of paired-end sequences gets evaluated later on (in the validation step)

Writing report to '/scratch/flanary/Sen_13cRA_ATAC/trimmed_fastq/IMR5_2_S30_R2_001.fastq.gz_trimming_report.txt'

SUMMARISING RUN PARAMETERS
==========================
Input filename: /data/project/sen-lab/internal/2024_12_17/Sen_ATAC_cRA/IMR5_2_S30_R2_001.fastq.gz
Trimming mode: paired-end
Trim Galore version: 0.6.10
Cutadapt version: 2.6
Python version: could not detect
Number of cores used for trimming: 8
Quality Phred score cutoff: 20
Quality encoding type selected: ASCII+33
Adapter sequence: 'CTGTCTCTTATA' (Nextera Transposase sequence; auto-detected)
Maximum trimming error rate: 0.1 (default)
Minimum required adapter overlap (stringency): 1 bp
Minimum required sequence length for both reads before a sequence pair gets removed: 20 bp
Output file(s) will be GZIP compressed

Cutadapt seems to be fairly up-to-date (version 2.6). Setting -j -j 8
Writing final adapter and quality trimmed output to IMR5_2_S30_R2_001_trimmed.fq.gz


  >>> Now performing quality (cutoff '-q 20') and adapter trimming in a single pass for the adapter sequence: 'CTGTCTCTTATA' from file /data/project/sen-lab/internal/2024_12_17/Sen_ATAC_cRA/IMR5_2_S30_R2_001.fastq.gz <<< 
10000000 sequences processed
20000000 sequences processed
30000000 sequences processed
40000000 sequences processed
50000000 sequences processed
60000000 sequences processed
70000000 sequences processed
80000000 sequences processed
90000000 sequences processed
This is cutadapt 2.6 with Python 3.7.16
Command line parameters: -j 8 -e 0.1 -q 20 -O 1 -a CTGTCTCTTATA /data/project/sen-lab/internal/2024_12_17/Sen_ATAC_cRA/IMR5_2_S30_R2_001.fastq.gz
Processing reads on 8 cores in single-end mode ...
Finished in 314.01 s (3 us/read; 17.25 M reads/minute).

=== Summary ===

Total reads processed:              90,273,666
Reads with adapters:                57,398,859 (63.6%)
Reads written (passing filters):    90,273,666 (100.0%)

Total basepairs processed: 9,117,640,266 bp
Quality-trimmed:              13,676,653 bp (0.2%)
Total written (filtered):  7,715,981,988 bp (84.6%)

=== Adapter 1 ===

Sequence: CTGTCTCTTATA; Type: regular 3'; Length: 12; Trimmed: 57398859 times.

No. of allowed errors:
0-9 bp: 0; 10-12 bp: 1

Bases preceding removed adapters:
  A: 12.0%
  C: 42.9%
  G: 25.8%
  T: 19.3%
  none/other: 0.0%

Overview of removed sequences
length	count	expect	max.err	error counts
1	12622597	22568416.5	0	12622597
2	4214916	5642104.1	0	4214916
3	1724424	1410526.0	0	1724424
4	767605	352631.5	0	767605
5	560212	88157.9	0	560212
6	529518	22039.5	0	529518
7	513648	5509.9	0	513648
8	517058	1377.5	0	517058
9	509728	344.4	0	506593 3135
10	541833	86.1	1	533653 8180
11	538208	21.5	1	532595 5613
12	569091	5.4	1	561074 8017
13	523998	5.4	1	518672 5326
14	562170	5.4	1	554115 8055
15	544137	5.4	1	538304 5833
16	577141	5.4	1	567530 9611
17	554034	5.4	1	548507 5527
18	553879	5.4	1	548126 5753
19	586467	5.4	1	580192 6275
20	606816	5.4	1	601232 5584
21	617511	5.4	1	610347 7164
22	638580	5.4	1	631422 7158
23	603313	5.4	1	597890 5423
24	622506	5.4	1	615796 6710
25	611611	5.4	1	605412 6199
26	587345	5.4	1	581599 5746
27	618390	5.4	1	612359 6031
28	630069	5.4	1	622348 7721
29	646260	5.4	1	640603 5657
30	683183	5.4	1	676272 6911
31	678328	5.4	1	670930 7398
32	716168	5.4	1	709233 6935
33	762538	5.4	1	755776 6762
34	580931	5.4	1	575117 5814
35	686996	5.4	1	680828 6168
36	644665	5.4	1	638489 6176
37	691277	5.4	1	685008 6269
38	697107	5.4	1	690049 7058
39	790587	5.4	1	784629 5958
40	579163	5.4	1	574002 5161
41	722911	5.4	1	716330 6581
42	813717	5.4	1	806160 7557
43	689838	5.4	1	683971 5867
44	751229	5.4	1	744345 6884
45	712968	5.4	1	706778 6190
46	693753	5.4	1	687673 6080
47	703813	5.4	1	697279 6534
48	715453	5.4	1	708495 6958
49	674335	5.4	1	668906 5429
50	718674	5.4	1	712234 6440
51	729615	5.4	1	723034 6581
52	746588	5.4	1	740665 5923
53	723207	5.4	1	717283 5924
54	711756	5.4	1	705768 5988
55	677676	5.4	1	672186 5490
56	657455	5.4	1	652124 5331
57	589654	5.4	1	585148 4506
58	574493	5.4	1	569685 4808
59	572376	5.4	1	567413 4963
60	530593	5.4	1	526132 4461
61	521416	5.4	1	517410 4006
62	487998	5.4	1	483903 4095
63	427808	5.4	1	424384 3424
64	336429	5.4	1	333388 3041
65	265926	5.4	1	263698 2228
66	107395	5.4	1	106020 1375
67	63053	5.4	1	62150 903
68	41128	5.4	1	39962 1166
69	32853	5.4	1	31968 885
70	29851	5.4	1	29119 732
71	28406	5.4	1	27740 666
72	38571	5.4	1	37852 719
73	40316	5.4	1	39018 1298
74	31150	5.4	1	30365 785
75	9667	5.4	1	9037 630
76	3648	5.4	1	3175 473
77	2376	5.4	1	1908 468
78	1332	5.4	1	412 920
79	1151	5.4	1	570 581
80	1717	5.4	1	1306 411
81	885	5.4	1	400 485
82	1392	5.4	1	1010 382
83	972	5.4	1	168 804
84	665	5.4	1	306 359
85	542	5.4	1	78 464
86	397	5.4	1	60 337
87	419	5.4	1	52 367
88	666	5.4	1	27 639
89	529	5.4	1	25 504
90	314	5.4	1	17 297
91	930	5.4	1	53 877
92	927	5.4	1	342 585
93	1534	5.4	1	57 1477
94	176	5.4	1	4 172
95	277	5.4	1	7 270
96	146	5.4	1	3 143
97	444	5.4	1	8 436
98	820	5.4	1	24 796
99	268	5.4	1	7 261
100	123	5.4	1	6 117
101	130	5.4	1	55 75

RUN STATISTICS FOR INPUT FILE: /data/project/sen-lab/internal/2024_12_17/Sen_ATAC_cRA/IMR5_2_S30_R2_001.fastq.gz
=============================================
90273666 sequences processed in total
The length threshold of paired-end sequences gets evaluated later on (in the validation step)

Validate paired-end files IMR5_2_S30_R1_001_trimmed.fq.gz and IMR5_2_S30_R2_001_trimmed.fq.gz
file_1: IMR5_2_S30_R1_001_trimmed.fq.gz, file_2: IMR5_2_S30_R2_001_trimmed.fq.gz


>>>>> Now validing the length of the 2 paired-end infiles: IMR5_2_S30_R1_001_trimmed.fq.gz and IMR5_2_S30_R2_001_trimmed.fq.gz <<<<<
Writing validated paired-end Read 1 reads to IMR5_2_S30_R1_001_val_1.fq.gz
Writing validated paired-end Read 2 reads to IMR5_2_S30_R2_001_val_2.fq.gz

Total number of sequences analysed: 90273666

Number of sequence pairs removed because at least one read was shorter than the length cutoff (20 bp): 39395 (0.04%)

Deleting both intermediate output files IMR5_2_S30_R1_001_trimmed.fq.gz and IMR5_2_S30_R2_001_trimmed.fq.gz

====================================================================================================

