/cm/local/apps/slurm/var/spool/job31046301/slurm_script: line 20: /home/flanary/miniconda3/etc/profile.d/conda.sh: No such file or directory
Path to Cutadapt set as: 'cutadapt' (default)
Cutadapt seems to be working fine (tested command 'cutadapt --version')
Cutadapt version: 2.6
Could not detect version of Python used by Cutadapt from the first line of Cutadapt (but found this: >>>#!/bin/sh<<<)
Letting the (modified) Cutadapt deal with the Python version instead
Parallel gzip (pigz) detected. Proceeding with multicore (de)compression using 8 cores

Proceeding with 'pigz -p 4' for decompression
To decrease CPU usage of decompression, please install 'igzip' and run again

No quality encoding type selected. Assuming that the data provided uses Sanger encoded Phred scores (default)

Output will be written into the directory: /scratch/flanary/Sen_13cRA_ATAC/trimmed_fastq/


AUTO-DETECTING ADAPTER TYPE
===========================
Attempting to auto-detect adapter type from the first 1 million sequences of the first file (>> /data/project/sen-lab/internal/2024_12_17/Sen_ATAC_cRA/SKNAS2_S34_R1_001.fastq.gz <<)

Found perfect matches for the following adapter sequences:
Adapter type	Count	Sequence	Sequences analysed	Percentage
Nextera	408833	CTGTCTCTTATA	1000000	40.88
smallRNA	1	TGGAATTCTCGG	1000000	0.00
Illumina	0	AGATCGGAAGAGC	1000000	0.00
Using Nextera adapter for trimming (count: 408833). Second best hit was smallRNA (count: 1)

Writing report to '/scratch/flanary/Sen_13cRA_ATAC/trimmed_fastq/SKNAS2_S34_R1_001.fastq.gz_trimming_report.txt'

SUMMARISING RUN PARAMETERS
==========================
Input filename: /data/project/sen-lab/internal/2024_12_17/Sen_ATAC_cRA/SKNAS2_S34_R1_001.fastq.gz
Trimming mode: paired-end
Trim Galore version: 0.6.10
Cutadapt version: 2.6
Python version: could not detect
Number of cores used for trimming: 8
Quality Phred score cutoff: 20
Quality encoding type selected: ASCII+33
Adapter sequence: 'CTGTCTCTTATA' (Nextera Transposase sequence; auto-detected)
Maximum trimming error rate: 0.1 (default)
Minimum required adapter overlap (stringency): 1 bp
Minimum required sequence length for both reads before a sequence pair gets removed: 20 bp
Output file(s) will be GZIP compressed

Cutadapt seems to be fairly up-to-date (version 2.6). Setting -j 8
Writing final adapter and quality trimmed output to SKNAS2_S34_R1_001_trimmed.fq.gz


  >>> Now performing quality (cutoff '-q 20') and adapter trimming in a single pass for the adapter sequence: 'CTGTCTCTTATA' from file /data/project/sen-lab/internal/2024_12_17/Sen_ATAC_cRA/SKNAS2_S34_R1_001.fastq.gz <<< 
10000000 sequences processed
20000000 sequences processed
30000000 sequences processed
40000000 sequences processed
50000000 sequences processed
60000000 sequences processed
70000000 sequences processed
80000000 sequences processed
90000000 sequences processed
100000000 sequences processed
110000000 sequences processed
120000000 sequences processed
130000000 sequences processed
140000000 sequences processed
150000000 sequences processed
160000000 sequences processed
170000000 sequences processed
This is cutadapt 2.6 with Python 3.7.16
Command line parameters: -j 8 -e 0.1 -q 20 -O 1 -a CTGTCTCTTATA /data/project/sen-lab/internal/2024_12_17/Sen_ATAC_cRA/SKNAS2_S34_R1_001.fastq.gz
Processing reads on 8 cores in single-end mode ...
Finished in 609.86 s (4 us/read; 16.98 M reads/minute).

=== Summary ===

Total reads processed:             172,539,565
Reads with adapters:               113,111,788 (65.6%)
Reads written (passing filters):   172,539,565 (100.0%)

Total basepairs processed: 17,426,496,065 bp
Quality-trimmed:              26,868,429 bp (0.2%)
Total written (filtered):  14,275,026,147 bp (81.9%)

=== Adapter 1 ===

Sequence: CTGTCTCTTATA; Type: regular 3'; Length: 12; Trimmed: 113111788 times.

No. of allowed errors:
0-9 bp: 0; 10-12 bp: 1

Bases preceding removed adapters:
  A: 12.3%
  C: 41.9%
  G: 26.0%
  T: 19.8%
  none/other: 0.0%

Overview of removed sequences
length	count	expect	max.err	error counts
1	21622810	43134891.2	0	21622810
2	7289110	10783722.8	0	7289110
3	2894077	2695930.7	0	2894077
4	1355288	673982.7	0	1355288
5	1032906	168495.7	0	1032906
6	973797	42123.9	0	973797
7	914114	10531.0	0	914114
8	864861	2632.7	0	864861
9	799989	658.2	0	794156 5833
10	816073	164.5	1	796174 19899
11	803868	41.1	1	781976 21892
12	897730	10.3	1	863677 34053
13	901251	10.3	1	871202 30049
14	1053231	10.3	1	1014120 39111
15	1077263	10.3	1	1040062 37201
16	1208983	10.3	1	1160736 48247
17	1058381	10.3	1	1022869 35512
18	1020890	10.3	1	986268 34622
19	979537	10.3	1	947283 32254
20	979464	10.3	1	945468 33996
21	960532	10.3	1	926545 33987
22	964539	10.3	1	933521 31018
23	1087266	10.3	1	1047448 39818
24	1133066	10.3	1	1096514 36552
25	1227329	10.3	1	1185001 42328
26	1275712	10.3	1	1231473 44239
27	1269334	10.3	1	1225169 44165
28	1253194	10.3	1	1207641 45553
29	1233429	10.3	1	1189573 43856
30	1110267	10.3	1	1074884 35383
31	1138084	10.3	1	1099771 38313
32	1085373	10.3	1	1051877 33496
33	1182373	10.3	1	1140602 41771
34	1299999	10.3	1	1256327 43672
35	1450925	10.3	1	1403272 47653
36	1445445	10.3	1	1394177 51268
37	1517046	10.3	1	1466331 50715
38	1550239	10.3	1	1493260 56979
39	1379737	10.3	1	1334684 45053
40	1359754	10.3	1	1315593 44161
41	1265615	10.3	1	1226876 38739
42	1329736	10.3	1	1283969 45767
43	1342828	10.3	1	1298845 43983
44	1560743	10.3	1	1504678 56065
45	1739820	10.3	1	1683300 56520
46	1652732	10.3	1	1567887 84845
47	3108176	10.3	1	3071424 36752
48	492114	10.3	1	446411 45703
49	1479318	10.3	1	1428200 51118
50	1759725	10.3	1	1708796 50929
51	1553825	10.3	1	1509110 44715
52	1441550	10.3	1	1391529 50021
53	1614231	10.3	1	1565068 49163
54	1581528	10.3	1	1534119 47409
55	1740415	10.3	1	1685923 54492
56	1987874	10.3	1	1916029 71845
57	2326108	10.3	1	2269090 57018
58	1671534	10.3	1	1613228 58306
59	1900385	10.3	1	1848635 51750
60	1626775	10.3	1	1578578 48197
61	1543961	10.3	1	1505147 38814
62	1131391	10.3	1	1106291 25100
63	718840	10.3	1	684886 33954
64	1146599	10.3	1	1118558 28041
65	717466	10.3	1	699808 17658
66	323311	10.3	1	313347 9964
67	176413	10.3	1	168569 7844
68	211095	10.3	1	206309 4786
69	87949	10.3	1	83573 4376
70	131640	10.3	1	128408 3232
71	97616	10.3	1	94359 3257
72	89642	10.3	1	87951 1691
73	9338	10.3	1	6809 2529
74	21987	10.3	1	20013 1974
75	25354	10.3	1	22632 2722
76	3613	10.3	1	2492 1121
77	2015	10.3	1	1240 775
78	3580	10.3	1	1773 1807
79	1474	10.3	1	520 954
80	2693	10.3	1	1683 1010
81	1294	10.3	1	374 920
82	2041	10.3	1	1265 776
83	1602	10.3	1	160 1442
84	907	10.3	1	291 616
85	1612	10.3	1	77 1535
86	829	10.3	1	76 753
87	869	10.3	1	80 789
88	1565	10.3	1	39 1526
89	984	10.3	1	27 957
90	568	10.3	1	23 545
91	1737	10.3	1	79 1658
92	1355	10.3	1	310 1045
93	3211	10.3	1	76 3135
94	379	10.3	1	9 370
95	648	10.3	1	17 631
96	248	10.3	1	2 246
97	630	10.3	1	5 625
98	1655	10.3	1	33 1622
99	524	10.3	1	15 509
100	367	10.3	1	10 357
101	488	10.3	1	258 230

RUN STATISTICS FOR INPUT FILE: /data/project/sen-lab/internal/2024_12_17/Sen_ATAC_cRA/SKNAS2_S34_R1_001.fastq.gz
=============================================
172539565 sequences processed in total
The length threshold of paired-end sequences gets evaluated later on (in the validation step)

Writing report to '/scratch/flanary/Sen_13cRA_ATAC/trimmed_fastq/SKNAS2_S34_R2_001.fastq.gz_trimming_report.txt'

SUMMARISING RUN PARAMETERS
==========================
Input filename: /data/project/sen-lab/internal/2024_12_17/Sen_ATAC_cRA/SKNAS2_S34_R2_001.fastq.gz
Trimming mode: paired-end
Trim Galore version: 0.6.10
Cutadapt version: 2.6
Python version: could not detect
Number of cores used for trimming: 8
Quality Phred score cutoff: 20
Quality encoding type selected: ASCII+33
Adapter sequence: 'CTGTCTCTTATA' (Nextera Transposase sequence; auto-detected)
Maximum trimming error rate: 0.1 (default)
Minimum required adapter overlap (stringency): 1 bp
Minimum required sequence length for both reads before a sequence pair gets removed: 20 bp
Output file(s) will be GZIP compressed

Cutadapt seems to be fairly up-to-date (version 2.6). Setting -j -j 8
Writing final adapter and quality trimmed output to SKNAS2_S34_R2_001_trimmed.fq.gz


  >>> Now performing quality (cutoff '-q 20') and adapter trimming in a single pass for the adapter sequence: 'CTGTCTCTTATA' from file /data/project/sen-lab/internal/2024_12_17/Sen_ATAC_cRA/SKNAS2_S34_R2_001.fastq.gz <<< 
10000000 sequences processed
20000000 sequences processed
30000000 sequences processed
40000000 sequences processed
50000000 sequences processed
60000000 sequences processed
70000000 sequences processed
80000000 sequences processed
90000000 sequences processed
100000000 sequences processed
110000000 sequences processed
120000000 sequences processed
130000000 sequences processed
140000000 sequences processed
150000000 sequences processed
160000000 sequences processed
170000000 sequences processed
This is cutadapt 2.6 with Python 3.7.16
Command line parameters: -j 8 -e 0.1 -q 20 -O 1 -a CTGTCTCTTATA /data/project/sen-lab/internal/2024_12_17/Sen_ATAC_cRA/SKNAS2_S34_R2_001.fastq.gz
Processing reads on 8 cores in single-end mode ...
Finished in 601.01 s (3 us/read; 17.22 M reads/minute).

=== Summary ===

Total reads processed:             172,539,565
Reads with adapters:               113,070,684 (65.5%)
Reads written (passing filters):   172,539,565 (100.0%)

Total basepairs processed: 17,426,496,065 bp
Quality-trimmed:              23,294,803 bp (0.1%)
Total written (filtered):  14,269,283,813 bp (81.9%)

=== Adapter 1 ===

Sequence: CTGTCTCTTATA; Type: regular 3'; Length: 12; Trimmed: 113070684 times.

No. of allowed errors:
0-9 bp: 0; 10-12 bp: 1

Bases preceding removed adapters:
  A: 12.2%
  C: 42.1%
  G: 26.0%
  T: 19.8%
  none/other: 0.0%

Overview of removed sequences
length	count	expect	max.err	error counts
1	21566782	43134891.2	0	21566782
2	7249738	10783722.8	0	7249738
3	2905340	2695930.7	0	2905340
4	1363842	673982.7	0	1363842
5	1038689	168495.7	0	1038689
6	975105	42123.9	0	975105
7	916808	10531.0	0	916808
8	865081	2632.7	0	865081
9	810516	658.2	0	805527 4989
10	815131	164.5	1	801283 13848
11	809989	41.1	1	801382 8607
12	890497	10.3	1	877311 13186
13	906854	10.3	1	897972 8882
14	1047483	10.3	1	1032791 14692
15	1082702	10.3	1	1071926 10776
16	1160999	10.3	1	1141085 19914
17	1088326	10.3	1	1077845 10481
18	1022512	10.3	1	1012559 9953
19	999534	10.3	1	989188 10346
20	953980	10.3	1	945310 8670
21	957189	10.3	1	945272 11917
22	1006937	10.3	1	995830 11107
23	1043967	10.3	1	1034303 9664
24	1156485	10.3	1	1143953 12532
25	1236183	10.3	1	1224772 11411
26	1261775	10.3	1	1249982 11793
27	1285285	10.3	1	1272685 12600
28	1253573	10.3	1	1238497 15076
29	1186499	10.3	1	1176433 10066
30	1150815	10.3	1	1139723 11092
31	1108926	10.3	1	1096637 12289
32	1121469	10.3	1	1112036 9433
33	1359341	10.3	1	1346778 12563
34	1114271	10.3	1	1101894 12377
35	1411801	10.3	1	1399904 11897
36	1534025	10.3	1	1519876 14149
37	1504146	10.3	1	1487123 17023
38	1473197	10.3	1	1461446 11751
39	1397609	10.3	1	1386328 11281
40	1346873	10.3	1	1335207 11666
41	1316850	10.3	1	1304544 12306
42	1289945	10.3	1	1278816 11129
43	1354593	10.3	1	1342374 12219
44	1494184	10.3	1	1481492 12692
45	1561819	10.3	1	1550078 11741
46	1698440	10.3	1	1685216 13224
47	1778600	10.3	1	1763966 14634
48	1785274	10.3	1	1769322 15952
49	1631801	10.3	1	1620226 11575
50	1634169	10.3	1	1620238 13931
51	1583863	10.3	1	1570879 12984
52	1521039	10.3	1	1509507 11532
53	1512066	10.3	1	1500763 11303
54	1612166	10.3	1	1599450 12716
55	1769420	10.3	1	1756233 13187
56	1988053	10.3	1	1973580 14473
57	1889468	10.3	1	1876398 13070
58	1853188	10.3	1	1839093 14095
59	1842017	10.3	1	1828293 13724
60	1453961	10.3	1	1443419 10542
61	1470334	10.3	1	1460267 10067
62	1328948	10.3	1	1318841 10107
63	1153115	10.3	1	1145041 8074
64	955121	10.3	1	947167 7954
65	893519	10.3	1	887263 6256
66	367903	10.3	1	364514 3389
67	207685	10.3	1	205603 2082
68	119626	10.3	1	117331 2295
69	88735	10.3	1	87079 1656
70	68039	10.3	1	66655 1384
71	75746	10.3	1	74482 1264
72	110645	10.3	1	109222 1423
73	120965	10.3	1	118376 2589
74	88936	10.3	1	87517 1419
75	34993	10.3	1	32702 2291
76	4296	10.3	1	3189 1107
77	2295	10.3	1	1511 784
78	1938	10.3	1	315 1623
79	1355	10.3	1	373 982
80	2403	10.3	1	1458 945
81	1325	10.3	1	347 978
82	1870	10.3	1	1187 683
83	1673	10.3	1	159 1514
84	929	10.3	1	286 643
85	1592	10.3	1	86 1506
86	890	10.3	1	76 814
87	889	10.3	1	98 791
88	1407	10.3	1	36 1371
89	953	10.3	1	24 929
90	634	10.3	1	34 600
91	1727	10.3	1	65 1662
92	1256	10.3	1	311 945
93	2903	10.3	1	100 2803
94	390	10.3	1	10 380
95	588	10.3	1	19 569
96	282	10.3	1	4 278
97	617	10.3	1	11 606
98	1586	10.3	1	42 1544
99	565	10.3	1	23 542
100	373	10.3	1	4 369
101	448	10.3	1	295 153

RUN STATISTICS FOR INPUT FILE: /data/project/sen-lab/internal/2024_12_17/Sen_ATAC_cRA/SKNAS2_S34_R2_001.fastq.gz
=============================================
172539565 sequences processed in total
The length threshold of paired-end sequences gets evaluated later on (in the validation step)

Validate paired-end files SKNAS2_S34_R1_001_trimmed.fq.gz and SKNAS2_S34_R2_001_trimmed.fq.gz
file_1: SKNAS2_S34_R1_001_trimmed.fq.gz, file_2: SKNAS2_S34_R2_001_trimmed.fq.gz


>>>>> Now validing the length of the 2 paired-end infiles: SKNAS2_S34_R1_001_trimmed.fq.gz and SKNAS2_S34_R2_001_trimmed.fq.gz <<<<<
Writing validated paired-end Read 1 reads to SKNAS2_S34_R1_001_val_1.fq.gz
Writing validated paired-end Read 2 reads to SKNAS2_S34_R2_001_val_2.fq.gz

Total number of sequences analysed: 172539565

Number of sequence pairs removed because at least one read was shorter than the length cutoff (20 bp): 62075 (0.04%)

Deleting both intermediate output files SKNAS2_S34_R1_001_trimmed.fq.gz and SKNAS2_S34_R2_001_trimmed.fq.gz

====================================================================================================

